May 12 2015, 09:32:47: 成功打开日志文件，开始营业
May 12 2015, 09:32:47: 载入库存记录文件 product.txt
型号		名称		品牌		单价		数量
May 12 2015, 09:32:47: 载入完毕
May 12 2015, 09:32:47: 显示产品列表
May 12 2015, 09:32:47: 显示完成
May 12 2015, 09:32:47: 进货
May 12 2015, 09:32:47: 成功打开日志文件，开始营业
May 12 2015, 09:32:47: 载入库存记录文件 product.txt
型号		名称		品牌		单价		数量
May 12 2015, 09:32:47: 载入完毕
May 12 2015, 09:32:47: 显示产品列表
May 12 2015, 09:32:47: 显示完成
May 12 2015, 09:32:47: 进货
May 12 2015, 09:32:47: 成功打开日志文件，开始营业
May 12 2015, 09:32:47: 载入库存记录文件 product.txt
型号		名称		品牌		单价		数量
May 12 2015, 09:32:47: 载入完毕
May 12 2015, 09:32:47: 显示产品列表
May 12 2015, 09:32:47: 显示完成
May 12 2015, 09:32:47: 进货
May 12 2015, 09:32:47: 进货完成
May 12 2015, 09:32:47: 显示产品列表
May 12 2015, 09:32:47: 显示完成
May 12 2015, 09:32:47: 谢谢使用!
May 12 2015, 11:04:54: 成功打开日志文件，开始营业
May 12 2015, 11:04:54: 载入库存记录文件 product.txt
型号		名称		品牌		单价		数量
May 12 2015, 11:04:54: 载入完毕
May 12 2015, 11:04:54: 进货
May 12 2015, 11:07:45: 成功打开日志文件，开始营业
May 12 2015, 11:07:45: 载入库存记录文件 product.txt
型号		名称		品牌		单价		数量
May 12 2015, 11:07:45: 载入完毕
May 12 2015, 11:07:45: 显示产品列表
May 12 2015, 11:07:45: 显示完成
May 12 2015, 11:07:45: 进货
May 12 2015, 11:08:28: 成功打开日志文件，开始营业
May 12 2015, 11:08:28: 载入库存记录文件 product.txt
型号		名称		品牌		单价		数量
May 12 2015, 11:08:28: 载入完毕
May 12 2015, 11:08:28: 显示产品列表
May 12 2015, 11:08:28: 显示完成
May 12 2015, 11:08:28: 进货
May 12 2015, 11:08:28: 进货完成
May 12 2015, 11:08:28: 显示产品列表
May 12 2015, 11:08:28: 显示完成
May 12 2015, 11:08:28: 进货
May 12 2015, 11:08:28: 进货完成
May 12 2015, 11:08:28: 显示产品列表
May 12 2015, 11:08:28: 显示完成
May 12 2015, 11:08:28: 谢谢使用!
May 12 2015, 11:08:28: 成功打开日志文件，开始营业
May 12 2015, 11:08:28: 载入库存记录文件 product.txt
型号		名称		品牌		单价		数量
May 12 2015, 11:08:28: 载入完毕
May 12 2015, 11:08:28: 进货
May 12 2015, 11:08:28: 进货完成
May 12 2015, 11:08:28: 谢谢使用!
May 12 2015, 11:08:28: 成功打开日志文件，开始营业
May 12 2015, 11:08:28: 显示产品列表
May 12 2015, 11:08:28: 显示完成
May 12 2015, 11:08:28: 进货
May 12 2015, 11:08:28: 进货完成
May 12 2015, 11:08:28: 显示产品列表
May 12 2015, 11:08:28: 显示完成
May 12 2015, 11:08:28: 载入库存记录文件 product.txt
型号		名称		品牌		单价		数量
May 12 2015, 11:08:28: 载入完毕
May 12 2015, 11:08:28: 显示产品列表
May 12 2015, 11:08:28: 显示完成
May 12 2015, 11:08:28: 进货
May 12 2015, 11:08:28: 进货完成
May 12 2015, 11:08:28: 显示产品列表
May 12 2015, 11:08:28: 显示完成
May 12 2015, 11:08:28: 谢谢使用!
May 12 2015, 11:08:28: 成功打开日志文件，开始营业
May 12 2015, 11:08:28: 载入库存记录文件 product.txt
型号		名称		品牌		单价		数量
May 12 2015, 11:08:28: 载入完毕
May 12 2015, 11:08:28: 显示产品列表
May 12 2015, 11:08:28: 显示完成
May 12 2015, 11:08:28: 进货
May 12 2015, 11:08:28: 进货完成
May 12 2015, 11:08:28: 显示产品列表
May 12 2015, 11:08:28: 显示完成
May 12 2015, 11:08:28: 谢谢使用!
May 12 2015, 11:08:28: 成功打开日志文件，开始营业
May 12 2015, 11:27:04: 成功打开日志文件，开始营业
May 12 2015, 11:27:04: 载入库存记录文件 product.txt
型号		名称		品牌		单价		数量
May 12 2015, 11:27:04: 载入完毕
May 12 2015, 11:27:04: 显示产品列表
May 12 2015, 11:27:04: 显示完成
May 12 2015, 11:27:04: 成功打开日志文件，开始营业
May 12 2015, 11:27:04: 载入库存记录文件 product.txt
型号		名称		品牌		单价		数量
May 12 2015, 11:27:04: 载入完毕
May 12 2015, 11:27:04: 显示产品列表
May 12 2015, 11:27:04: 显示完成
May 12 2015, 11:27:04: 成功打开日志文件，开始营业
May 12 2015, 11:27:04: 载入库存记录文件 product.txt
型号		名称		品牌		单价		数量
May 12 2015, 11:27:04: 载入完毕
May 12 2015, 11:27:04: 显示产品列表
May 12 2015, 11:27:04: 显示完成
May 12 2015, 11:27:04: 按条件出货
May 12 2015, 11:27:04: 出货完成
May 12 2015, 11:27:04: 显示产品列表
May 12 2015, 11:27:04: 成功打开日志文件，开始营业
May 12 2015, 11:27:04: 载入库存记录文件 product.txt
型号		名称		品牌		单价		数量
May 12 2015, 11:27:04: 载入完毕
May 12 2015, 11:27:04: 按条件出货
May 12 2015, 11:27:04: 出货完成
May 12 2015, 11:27:04: 显示产品列表
May 12 2015, 11:27:04: 显示完成
May 12 2015, 11:27:04: 按条件出货
May 12 2015, 11:27:04: 出货完成
May 12 2015, 11:27:04: 显示产品列表
May 12 2015, 11:27:04: 成功打开日志文件，开始营业
May 12 2015, 11:27:04: 载入库存记录文件 product.txt
型号		名称		品牌		单价		数量
May 12 2015, 11:27:04: 载入完毕
May 12 2015, 11:27:04: 显示产品列表
May 12 2015, 11:27:04: 显示完成
May 12 2015, 11:27:04: 按条件出货
May 12 2015, 11:27:04: 出货完成
May 12 2015, 11:27:04: 显示产品列表
May 12 2015, 11:27:04: 显示完成
May 12 2015, 11:27:04: 按条件查询
May 12 2015, 11:27:04: 查询完成
May 12 2015, 11:27:04: 按条件排序
May 12 2015, 11:27:04: 排序完成
May 12 2015, 11:27:04: 进货
May 12 2015, 11:27:04: 进货完成
May 12 2015, 11:27:04: 显示产品列表
May 12 2015, 11:27:04: 显示完成
May 12 2015, 11:27:04: 进货
May 12 2015, 11:27:04: 进货完成
May 12 2015, 11:27:04: 显示产品列表
May 12 2015, 11:27:04: 显示完成
May 12 2015, 11:27:04: 谢谢使用!
May 12 2015, 11:27:04: 成功打开日志文件，开始营业
May 12 2015, 11:27:04: 显示产品列表
May 12 2015, 11:27:04: 显示完成
May 12 2015, 11:27:04: 进货
May 12 2015, 11:27:04: 进货完成
May 12 2015, 11:27:04: 显示产品列表
May 12 2015, 11:27:04: 显示完成
May 12 2015, 11:27:04: 谢谢使用!
May 12 2015, 11:27:04: 成功打开日志文件，开始营业
May 12 2015, 11:27:04: 载入库存记录文件 product.txt
型号		名称		品牌		单价		数量
May 12 2015, 11:27:04: 载入完毕
May 12 2015, 11:27:04: 进货
May 12 2015, 11:27:04: 进货完成
May 12 2015, 11:27:04: 显示产品列表
May 12 2015, 11:27:04: 显示完成
May 12 2015, 11:27:04: 按条件出货
May 12 2015, 11:27:04: 出货完成
May 12 2015, 11:27:04: 显示产品列表
May 12 2015, 11:27:04: 显示完成
May 12 2015, 11:27:04: 谢谢使用!
May 12 2015, 11:27:04: 成功打开日志文件，开始营业
May 12 2015, 11:27:04: 载入库存记录文件 product.txt
型号		名称		品牌		单价		数量
May 12 2015, 11:27:04: 载入完毕
May 12 2015, 11:27:04: 按条件出货
May 12 2015, 11:27:04: 成功打开日志文件，开始营业
May 12 2015, 11:27:04: 载入库存记录文件 product.txt
型号		名称		品牌		单价		数量
May 12 2015, 11:27:04: 载入完毕
May 12 2015, 11:27:04: 按条件出货
May 12 2015, 11:59:00: 成功打开日志文件，开始营业
May 12 2015, 11:59:00: 载入库存记录文件 product.txt
型号		名称		品牌		单价		数量
May 12 2015, 11:59:00: 载入完毕
May 12 2015, 11:59:00: 按条件出货
May 12 2015, 11:59:00: 出货完成
May 12 2015, 12:00:27: 成功打开日志文件，开始营业
May 12 2015, 12:00:27: 载入库存记录文件 product.txt
型号		名称		品牌		单价		数量
May 12 2015, 12:00:27: 载入完毕
May 12 2015, 12:00:27: 按条件出货
May 12 2015, 12:00:27: 谢谢使用!
May 12 2015, 12:01:14: 成功打开日志文件，开始营业
May 12 2015, 12:01:14: 载入库存记录文件 product.txt
型号		名称		品牌		单价		数量
May 12 2015, 12:01:14: 载入完毕
May 12 2015, 12:01:14: 显示产品列表
May 12 2015, 12:01:14: 显示完成
May 12 2015, 12:01:14: 按条件查询
May 12 2015, 12:01:14: 查询完成
May 12 2015, 12:02:44: 成功打开日志文件，开始营业
May 12 2015, 12:02:44: 载入库存记录文件 product.txt
型号		名称		品牌		单价		数量
May 12 2015, 12:02:44: 载入完毕
May 12 2015, 12:02:44: 显示产品列表
May 12 2015, 12:02:44: 显示完成
May 12 2015, 12:02:44: 按条件查询
May 12 2015, 12:02:44: 查询完成
May 12 2015, 12:02:44: 谢谢使用!
May 12 2015, 12:54:24: 成功打开日志文件，开始营业
May 12 2015, 12:54:24: 载入库存记录文件 product.txt
型号		名称		品牌		单价		数量
May 12 2015, 12:54:24: 载入完毕
May 12 2015, 12:54:24: 按条件查询
May 12 2015, 12:54:24: 查询完成
May 12 2015, 12:54:24: 谢谢使用!
May 12 2015, 12:54:24: 成功打开日志文件，开始营业
May 12 2015, 12:54:24: 载入库存记录文件 product.txt
型号		名称		品牌		单价		数量
May 12 2015, 12:54:24: 载入完毕
May 12 2015, 12:54:24: 按条件查询
May 12 2015, 12:54:24: 查询完成
May 12 2015, 12:54:24: 载入库存记录文件 product.txt
型号		名称		品牌		单价		数量
May 12 2015, 12:54:24: 载入完毕
May 12 2015, 12:54:24: 载入库存记录文件 product.txt
型号		名称		品牌		单价		数量
May 12 2015, 12:54:24: 载入完毕
May 12 2015, 12:54:24: 显示产品列表
May 12 2015, 12:54:24: 显示完成
May 12 2015, 12:54:24: 按条件查询
May 12 2015, 12:54:24: 载入库存记录文件 product.txt
型号		名称		品牌		单价		数量
May 12 2015, 12:54:24: 载入完毕
May 12 2015, 12:54:24: 显示产品列表
May 12 2015, 12:54:24: 显示完成
May 12 2015, 12:54:24: 按条件查询
May 12 2015, 12:54:24: 查询完成
May 12 2015, 12:54:24: 按条件查询
May 12 2015, 12:54:24: 查询完成
May 12 2015, 12:54:24: 谢谢使用!
May 12 2015, 12:54:24: 成功打开日志文件，开始营业
May 12 2015, 12:54:24: 载入库存记录文件 product.txt
型号		名称		品牌		单价		数量
May 12 2015, 12:54:24: 载入完毕
May 12 2015, 12:54:24: 按条件查询
May 12 2015, 12:54:24: 查询完成
May 12 2015, 12:54:24: 成功打开日志文件，开始营业
May 12 2015, 12:54:24: 显示产品列表
May 12 2015, 12:54:24: 显示完成
May 12 2015, 12:54:24: 载入库存记录文件 product.txt
型号		名称		品牌		单价		数量
May 12 2015, 12:54:24: 载入完毕
May 12 2015, 12:54:24: 按条件查询
May 12 2015, 12:54:24: 查询完成
May 12 2015, 12:54:24: 谢谢使用!
May 12 2015, 12:54:24: 成功打开日志文件，开始营业
May 12 2015, 12:54:24: 载入库存记录文件 product.txt
型号		名称		品牌		单价		数量
May 12 2015, 12:54:24: 载入完毕
May 12 2015, 12:54:24: 显示产品列表
May 12 2015, 12:54:24: 显示完成
May 12 2015, 12:54:24: 按条件查询
May 12 2015, 12:54:24: 谢谢使用!
May 12 2015, 13:07:27: 成功打开日志文件，开始营业
型号		名称		品牌		单价		数量
May 12 2015, 13:07:27: 显示产品列表
May 12 2015, 13:07:27: 显示完成
May 12 2015, 13:07:27: 谢谢使用!
May 12 2015, 13:08:00: 成功打开日志文件，开始营业
型号		名称		品牌		单价		数量
May 12 2015, 13:08:00: 显示产品列表
May 12 2015, 13:08:00: 显示完成
May 12 2015, 13:08:00: 谢谢使用!
May 12 2015, 13:08:00: 成功打开日志文件，开始营业
型号		名称		品牌		单价		数量
May 12 2015, 13:08:00: 显示产品列表
May 12 2015, 13:08:00: 显示完成
May 12 2015, 13:08:00: 修改
May 12 2015, 13:08:00: 修改完成
May 12 2015, 13:16:53: 成功打开日志文件，开始营业
型号		名称		品牌		单价		数量
May 12 2015, 13:16:53: 显示产品列表
May 12 2015, 13:16:53: 显示完成
May 12 2015, 13:16:53: 修改
May 12 2015, 13:16:53: 修改完成
May 12 2015, 13:16:53: 显示产品列表
May 12 2015, 13:16:53: 显示完成
May 12 2015, 13:16:53: 显示产品列表
May 12 2015, 13:16:53: 显示完成
May 12 2015, 13:16:53: 修改
May 12 2015, 13:16:53: 修改完成
May 12 2015, 13:16:53: 显示产品列表
May 12 2015, 13:16:53: 显示完成
May 12 2015, 13:16:53: 成功打开日志文件，开始营业
型号		名称		品牌		单价		数量
May 12 2015, 13:16:53: 显示产品列表
May 12 2015, 13:16:53: 显示完成
May 12 2015, 13:16:53: 修改
May 12 2015, 13:21:34: 成功打开日志文件，开始营业
型号		名称		品牌		单价		数量
May 12 2015, 13:21:34: 显示产品列表
May 12 2015, 13:21:34: 显示完成
May 12 2015, 13:21:34: 修改
May 12 2015, 13:21:34: 修改完成
May 12 2015, 13:21:34: 谢谢使用!
May 12 2015, 13:21:34: 成功打开日志文件，开始营业
型号		名称		品牌		单价		数量
May 12 2015, 13:21:34: 显示产品列表
May 12 2015, 13:21:34: 显示完成
May 12 2015, 13:21:34: 修改
May 12 2015, 13:21:34: 修改完成
May 12 2015, 13:21:34: 显示产品列表
May 12 2015, 13:21:34: 显示完成
May 12 2015, 13:21:34: 谢谢使用!
May 12 2015, 13:21:34: 成功打开日志文件，开始营业
型号		名称		品牌		单价		数量
May 12 2015, 13:21:34: 显示产品列表
May 12 2015, 13:21:34: 显示完成
May 12 2015, 13:21:34: 按条件插入
May 12 2015, 13:21:34: 插入完成
May 12 2015, 13:21:34: 显示产品列表
May 12 2015, 13:21:34: 显示完成
May 12 2015, 13:21:34: 成功打开日志文件，开始营业
型号		名称		品牌		单价		数量
May 12 2015, 13:21:34: 显示产品列表
May 12 2015, 13:21:34: 显示完成
May 12 2015, 13:21:34: 按条件插入
May 12 2015, 13:21:34: 成功打开日志文件，开始营业
May 12 2015, 13:40:41: 成功打开日志文件，开始营业
型号		名称		品牌		单价		数量
May 12 2015, 13:40:41: 存盘
May 12 2015, 13:40:41: 正在创建副本
May 12 2015, 13:40:41: 副本创建成功
May 12 2015, 13:40:41: 存盘完成
May 12 2015, 13:40:41: 谢谢使用!
May 12 2015, 13:43:19: 成功打开日志文件，开始营业
型号		名称		品牌		单价		数量
May 12 2015, 13:43:19: 显示产品列表
May 12 2015, 13:43:19: 显示完成
May 12 2015, 13:43:19: 谢谢使用!
May 12 2015, 13:44:00: 成功打开日志文件，开始营业
型号		名称		品牌		单价		数量
May 12 2015, 13:44:00: 显示产品列表
May 12 2015, 13:44:00: 显示完成
May 12 2015, 13:44:00: 按条件排序
May 12 2015, 13:44:00: 排序完成
May 12 2015, 13:44:00: 存盘
May 12 2015, 13:44:00: 正在创建副本
May 12 2015, 13:44:00: 副本创建成功
May 12 2015, 13:44:00: 存盘完成
May 12 2015, 13:44:00: 谢谢使用!
May 12 2015, 13:54:51: 成功打开日志文件，开始营业
型号		名称		品牌		单价		数量
May 12 2015, 13:54:51: 显示产品列表
May 12 2015, 13:54:51: 显示完成
May 12 2015, 13:54:51: 按条件查询
May 12 2015, 13:54:51: 查询完成
May 12 2015, 13:54:51: 谢谢使用!
May 12 2015, 13:54:51: 成功打开日志文件，开始营业
型号		名称		品牌		单价		数量
May 12 2015, 13:54:51: 显示产品列表
May 12 2015, 13:54:51: 显示完成
May 12 2015, 13:54:51: 显示产品列表
May 12 2015, 13:54:51: 显示完成
May 12 2015, 13:54:51: 按条件查询
May 12 2015, 13:54:51: 查询完成
May 12 2015, 13:54:51: 按条件排序
May 12 2015, 13:54:51: 排序完成
May 12 2015, 13:54:51: 进货
May 12 2015, 13:54:51: 进货完成
May 12 2015, 13:54:51: 显示产品列表
May 12 2015, 13:54:51: 显示完成
May 12 2015, 13:54:51: 显示产品列表
May 12 2015, 13:54:51: 显示完成
May 12 2015, 13:54:51: 谢谢使用!
May 12 2015, 13:54:51: 成功打开日志文件，开始营业
型号		名称		品牌		单价		数量
May 12 2015, 13:54:51: 进货
May 12 2015, 13:54:51: 进货完成
May 12 2015, 13:54:51: 显示产品列表
May 12 2015, 13:54:51: 显示完成
May 12 2015, 13:54:51: 显示产品列表
May 12 2015, 13:54:51: 显示完成
May 12 2015, 13:54:51: 按条件出货
May 12 2015, 13:54:51: 出货完成
May 12 2015, 13:54:51: 显示产品列表
May 12 2015, 13:54:51: 显示完成
May 12 2015, 13:54:51: 按条件出货
May 12 2015, 13:54:51: 出货完成
May 12 2015, 13:54:51: 显示产品列表
May 12 2015, 14:14:54: 成功打开日志文件，开始营业
型号		名称		品牌		单价		数量
May 12 2015, 14:14:54: 显示产品列表
May 12 2015, 14:14:54: 显示完成
May 12 2015, 14:14:54: 显示产品列表
May 12 2015, 14:14:54: 显示完成
May 12 2015, 14:14:54: 按条件查询
May 12 2015, 14:14:54: 查询完成
May 12 2015, 14:14:54: 按条件排序
May 12 2015, 14:14:54: 排序完成
May 12 2015, 14:14:54: 进货
May 12 2015, 14:14:54: 进货完成
May 12 2015, 14:14:54: 显示产品列表
May 12 2015, 14:14:54: 显示完成
May 12 2015, 14:14:54: 显示产品列表
May 12 2015, 14:14:54: 显示完成
May 12 2015, 14:14:54: 显示产品列表
May 12 2015, 14:14:54: 显示完成
May 12 2015, 14:14:54: 进货
May 12 2015, 14:14:54: 进货完成
May 12 2015, 14:14:54: 谢谢使用!
May 12 2015, 14:14:54: 成功打开日志文件，开始营业
型号		名称		品牌		单价		数量
May 12 2015, 14:14:54: 显示产品列表
May 12 2015, 14:14:54: 显示完成
May 12 2015, 14:14:54: 进货
May 12 2015, 14:14:54: 进货完成
May 12 2015, 14:14:54: 显示产品列表
May 12 2015, 14:14:54: 显示完成
May 12 2015, 14:14:54: 按条件出货
May 12 2015, 14:14:54: 出货完成
May 12 2015, 14:14:54: 显示产品列表
May 12 2015, 14:14:54: 显示完成
May 12 2015, 14:14:54: 显示产品列表
May 12 2015, 14:14:54: 显示完成
May 12 2015, 14:14:54: 按条件出货
May 12 2015, 14:14:54: 出货完成
May 12 2015, 14:14:54: 显示产品列表
May 12 2015, 14:14:54: 显示完成
May 12 2015, 14:14:54: 修改
May 12 2015, 14:14:54: 修改完成
May 12 2015, 14:14:54: 显示产品列表
May 12 2015, 14:14:54: 显示完成
May 12 2015, 14:14:54: 按条件插入
May 12 2015, 14:14:54: 插入完成
May 12 2015, 14:14:54: 显示产品列表
May 12 2015, 14:14:54: 显示完成
May 12 2015, 14:14:54: 存盘
May 12 2015, 14:14:54: 正在创建副本
May 12 2015, 14:31:06: 成功打开日志文件，开始营业
型号		名称		品牌		单价		数量
May 12 2015, 14:31:06: 显示产品列表
May 12 2015, 14:31:06: 显示完成
May 12 2015, 14:31:06: 按条件查询
May 12 2015, 14:31:06: 查询完成
May 12 2015, 14:31:06: 按条件排序
May 12 2015, 14:31:06: 排序完成
May 12 2015, 14:31:06: 进货
May 12 2015, 14:31:06: 进货完成
May 12 2015, 14:31:06: 显示产品列表
May 12 2015, 14:31:06: 显示完成
May 12 2015, 14:31:06: 显示产品列表
May 12 2015, 14:31:06: 显示完成
May 12 2015, 14:31:06: 成功打开日志文件，开始营业
型号		名称		品牌		单价		数量
May 12 2015, 14:31:06: 显示产品列表
May 12 2015, 14:31:06: 显示完成
May 12 2015, 14:31:06: 按条件查询
May 12 2015, 14:31:06: 查询完成
May 12 2015, 14:31:06: 按条件排序
May 12 2015, 14:31:06: 排序完成
May 12 2015, 14:31:06: 进货
May 12 2015, 14:31:06: 进货完成
May 12 2015, 14:31:06: 显示产品列表
May 12 2015, 14:31:06: 显示完成
May 12 2015, 14:31:06: 显示产品列表
May 12 2015, 14:31:06: 显示完成
May 12 2015, 14:31:06: 按条件出货
May 12 2015, 14:31:06: 显示产品列表
May 12 2015, 14:31:06: 显示完成
May 12 2015, 14:31:06: 按条件出货
May 12 2015, 14:31:06: 出货完成
May 12 2015, 14:31:06: 显示产品列表
May 12 2015, 14:31:06: 显示完成
May 12 2015, 14:31:06: 存盘
May 12 2015, 14:31:06: 正在创建副本
May 12 2015, 14:31:06: 副本创建成功
May 12 2015, 14:31:06: 存盘完成
May 12 2015, 14:31:06: 谢谢使用!
May 12 2015, 14:31:06: 成功打开日志文件，开始营业
型号		名称		品牌		单价		数量
May 12 2015, 14:31:06: 显示产品列表
May 12 2015, 14:31:06: 显示完成
May 12 2015, 14:31:06: 按条件查询
May 12 2015, 14:31:06: 查询完成
May 12 2015, 14:31:06: 按条件排序
May 12 2015, 14:31:06: 排序完成
May 12 2015, 14:31:06: 进货
May 12 2015, 14:31:06: 进货完成
May 12 2015, 14:31:06: 谢谢使用!
May 12 2015, 14:31:06: 成功打开日志文件，开始营业
型号		名称		品牌		单价		数量
May 12 2015, 14:31:06: 显示产品列表
May 12 2015, 14:31:06: 显示完成
May 12 2015, 14:31:06: 成功打开日志文件，开始营业
型号		名称		品牌		单价		数量
May 12 2015, 14:31:06: 显示产品列表
May 12 2015, 14:31:06: 显示完成
May 12 2015, 14:31:06: 按条件查询
May 12 2015, 14:31:06: 查询完成
May 12 2015, 14:31:06: 按条件排序
May 12 2015, 14:31:06: 排序完成
May 12 2015, 14:31:06: 进货
May 12 2015, 14:31:06: 进货完成
May 12 2015, 14:31:06: 显示产品列表
May 12 2015, 14:31:06: 显示完成
May 12 2015, 14:31:06: 谢谢使用!
May 12 2015, 14:31:06: 成功打开日志文件，开始营业
型号		名称		品牌		单价		数量
May 12 2015, 14:31:06: 显示产品列表
May 12 2015, 14:31:06: 显示完成
May 12 2015, 14:31:06: 按条件查询
May 12 2015, 14:31:06: 查询完成
May 12 2015, 14:31:06: 谢谢使用!
May 12 2015, 14:31:06: 成功打开日志文件，开始营业
型号		名称		品牌		单价		数量
May 12 2015, 14:31:06: 显示产品列表
May 12 2015, 14:31:06: 显示完成
May 12 2015, 14:31:06: 按条件查询
May 12 2015, 14:31:06: 查询完成
May 12 2015, 14:31:06: 显示产品列表
May 12 2015, 14:31:06: 显示完成
May 12 2015, 14:31:06: 按条件排序
May 12 2015, 14:31:06: 排序完成
May 12 2015, 14:31:06: 进货
May 12 2015, 14:31:06: 进货完成
May 12 2015, 14:31:06: 显示产品列表
May 12 2015, 14:31:06: 显示完成
May 12 2015, 14:31:06: 按条件出货
May 12 2015, 14:31:06: 出货完成
May 12 2015, 14:31:06: 显示产品列表
May 12 2015, 14:31:06: 显示完成
May 12 2015, 14:31:06: 修改
May 12 2015, 14:31:06: 显示产品列表
May 12 2015, 14:31:06: 显示完成
May 12 2015, 14:31:06: 修改
May 12 2015, 14:31:06: 修改完成
May 12 2015, 14:31:06: 显示产品列表
May 12 2015, 14:31:06: 显示完成
May 12 2015, 14:31:06: 修改
May 12 2015, 14:31:06: 按条件插入
May 12 2015, 14:31:06: 插入完成
May 12 2015, 14:31:06: 显示产品列表
May 12 2015, 14:31:06: 显示完成
May 12 2015, 14:31:06: 按条件插入
May 12 2015, 14:31:06: 插入完成
May 12 2015, 14:31:06: 显示产品列表
May 12 2015, 14:31:06: 显示完成
May 12 2015, 14:31:06: 存盘
May 12 2015, 14:31:06: 正在创建副本
May 12 2015, 14:31:06: 副本创建成功
May 12 2015, 14:31:06: 存盘完成
May 12 2015, 14:31:06: 谢谢使用!
May 12 2015, 14:31:06: 成功打开日志文件，开始营业
型号		名称		品牌		单价		数量
May 12 2015, 14:31:06: 成功打开日志文件，开始营业
型号		名称		品牌		单价		数量
May 12 2015, 14:31:06: 显示产品列表
May 12 2015, 14:31:06: 显示完成
May 12 2015, 14:31:06: 修改
May 12 2015, 14:31:06: 谢谢使用!
May 12 2015, 14:31:06: 成功打开日志文件，开始营业
型号		名称		品牌		单价		数量
May 12 2015, 14:31:06: 显示产品列表
May 12 2015, 14:31:06: 显示完成
May 12 2015, 14:31:06: 修改
May 12 2015, 15:07:18: 成功打开日志文件，开始营业
型号		名称		品牌		单价		数量
May 12 2015, 15:07:18: 显示产品列表
May 12 2015, 15:07:18: 显示完成
May 12 2015, 15:07:18: 按条件查询
May 12 2015, 15:07:18: 查询完成
May 12 2015, 15:07:18: 修改
May 12 2015, 15:07:18: 修改完成
May 12 2015, 15:07:18: 显示产品列表
May 12 2015, 15:07:18: 显示完成
May 12 2015, 15:07:18: 谢谢使用!
May 12 2015, 15:07:18: 成功打开日志文件，开始营业
型号		名称		品牌		单价		数量
May 12 2015, 15:07:18: 显示产品列表
May 12 2015, 15:07:18: 显示完成
May 12 2015, 15:07:18: 按条件查询
May 12 2015, 15:07:18: 谢谢使用!
May 12 2015, 15:07:18: 成功打开日志文件，开始营业
型号		名称		品牌		单价		数量
May 12 2015, 15:07:18: 按条件插入
May 12 2015, 15:07:18: 成功打开日志文件，开始营业
型号		名称		品牌		单价		数量
May 12 2015, 15:07:18: 显示产品列表
May 12 2015, 15:07:18: 显示完成
May 12 2015, 15:07:18: 按条件插入
May 12 2015, 15:31:48: 成功打开日志文件，开始营业
May 12 2015, 15:31:48: 成功打开日志文件，开始营业
型号		名称		品牌		单价		数量
May 12 2015, 15:31:48: 显示产品列表
May 12 2015, 15:31:48: 显示完成
May 12 2015, 15:31:48: 按条件插入
May 12 2015, 15:31:48: 成功打开日志文件，开始营业
型号		名称		品牌		单价		数量
May 12 2015, 15:31:48: 显示产品列表
May 12 2015, 15:31:48: 显示完成
May 12 2015, 15:31:48: 按条件查询
May 12 2015, 15:31:48: 查询完成
May 12 2015, 15:31:48: 按条件查询
May 12 2015, 15:31:48: 查询完成
May 12 2015, 15:31:48: 按条件排序
May 12 2015, 15:31:48: 排序完成
May 12 2015, 15:31:48: 按条件插入
May 12 2015, 15:31:48: 成功打开日志文件，开始营业
型号		名称		品牌		单价		数量
May 12 2015, 15:31:48: 显示产品列表
May 12 2015, 15:31:48: 显示完成
May 12 2015, 15:31:48: 显示产品列表
May 12 2015, 15:31:48: 显示完成
May 12 2015, 15:31:48: 进货
May 12 2015, 15:31:48: 进货完成
May 12 2015, 15:31:48: 显示产品列表
May 12 2015, 15:31:48: 显示完成
May 12 2015, 15:31:48: 按条件插入
May 12 2015, 15:31:48: 插入完成
May 12 2015, 15:31:48: 成功打开日志文件，开始营业
May 12 2015, 15:31:48: 成功打开日志文件，开始营业
型号		名称		品牌		单价		数量
May 12 2015, 15:31:48: 显示产品列表
May 12 2015, 15:31:48: 显示完成
May 12 2015, 15:31:48: 显示产品列表
May 12 2015, 15:31:48: 显示完成
May 12 2015, 15:31:48: 按条件插入
May 12 2015, 15:31:48: 成功打开日志文件，开始营业
型号		名称		品牌		单价		数量
May 12 2015, 15:31:48: 显示产品列表
May 12 2015, 15:31:48: 显示完成
May 12 2015, 15:31:48: 按条件插入
May 12 2015, 15:31:48: 插入完成
May 12 2015, 15:31:48: 显示产品列表
May 12 2015, 15:31:48: 显示完成
May 12 2015, 15:31:48: 按条件插入
May 12 2015, 15:31:48: 成功打开日志文件，开始营业
型号		名称		品牌		单价		数量
May 12 2015, 15:31:48: 显示产品列表
May 12 2015, 15:31:48: 显示完成
May 12 2015, 15:31:48: 按条件插入
May 12 2015, 15:31:48: 成功打开日志文件，开始营业
型号		名称		品牌		单价		数量
May 12 2015, 15:31:48: 显示产品列表
May 12 2015, 15:31:48: 显示完成
May 12 2015, 15:31:48: 显示产品列表
May 12 2015, 15:31:48: 显示完成
May 12 2015, 15:31:48: 按条件插入
May 12 2015, 15:31:48: 插入完成
May 12 2015, 15:31:48: 显示产品列表
May 12 2015, 15:31:48: 成功打开日志文件，开始营业
型号		名称		品牌		单价		数量
May 12 2015, 15:31:48: 显示产品列表
May 12 2015, 15:31:48: 显示完成
May 12 2015, 15:31:48: 显示产品列表
May 12 2015, 15:31:48: 显示完成
May 12 2015, 15:31:48: 按条件插入
May 12 2015, 15:31:48: 插入完成
May 12 2015, 15:31:48: 显示产品列表
May 12 2015, 15:31:48: 显示完成
May 12 2015, 15:31:48: 按条件查询
May 12 2015, 15:31:48: 查询完成
May 12 2015, 15:31:48: 按条件排序
May 12 2015, 15:31:48: 排序完成
May 12 2015, 15:31:48: 按条件排序
May 12 2015, 15:31:48: 排序完成
May 12 2015, 15:31:48: 进货
May 12 2015, 15:31:48: 进货完成
May 12 2015, 15:31:48: 显示产品列表
May 12 2015, 15:31:48: 显示完成
May 12 2015, 15:31:48: 按条件出货
May 12 2015, 15:31:48: 出货完成
May 12 2015, 15:31:48: 显示产品列表
May 12 2015, 15:31:48: 显示完成
May 12 2015, 15:31:48: 修改
May 12 2015, 15:31:48: 修改完成
May 12 2015, 15:31:48: 显示产品列表
May 12 2015, 15:31:48: 显示完成
May 12 2015, 15:31:48: 按条件插入
May 12 2015, 15:31:48: 插入完成
May 12 2015, 15:31:48: 显示产品列表
May 12 2015, 15:31:48: 显示完成
May 12 2015, 15:31:48: 按条件插入
May 12 2015, 15:31:48: 插入完成
May 12 2015, 15:31:48: 显示产品列表
May 12 2015, 15:31:48: 成功打开日志文件，开始营业
型号		名称		品牌		单价		数量
May 12 2015, 15:31:48: 显示产品列表
May 12 2015, 15:31:48: 显示完成
May 12 2015, 15:31:48: 按条件插入
May 12 2015, 15:31:48: 插入完成
May 12 2015, 15:31:48: 显示产品列表
May 12 2015, 15:31:48: 显示完成
May 12 2015, 15:31:48: 存盘
May 12 2015, 15:31:48: 正在创建副本
May 12 2015, 15:31:48: 副本创建成功
May 12 2015, 15:31:48: 存盘完成
May 12 2015, 15:31:48: 谢谢使用!
May 12 2015, 15:31:48: 成功打开日志文件，开始营业
型号		名称		品牌		单价		数量
May 12 2015, 15:31:48: 按条件插入
May 12 2015, 15:31:48: 成功打开日志文件，开始营业
型号		名称		品牌		单价		数量
May 12 2015, 15:31:48: 显示产品列表
May 12 2015, 15:31:48: 显示完成
May 12 2015, 15:31:48: 按条件插入
May 12 2015, 15:31:48: 插入完成
May 12 2015, 15:31:48: 显示产品列表
May 12 2015, 15:31:48: 显示完成
May 12 2015, 15:31:48: 按条件插入
May 12 2015, 15:31:48: 插入完成
May 12 2015, 15:31:48: 显示产品列表
May 12 2015, 15:31:48: 显示完成
May 12 2015, 15:31:48: 成功打开日志文件，开始营业
May 12 2015, 15:31:48: 成功打开日志文件，开始营业
型号		名称		品牌		单价		数量
May 12 2015, 15:31:48: 显示产品列表
May 12 2015, 15:31:48: 显示完成
May 12 2015, 15:31:48: 成功打开日志文件，开始营业
型号		名称		品牌		单价		数量
May 12 2015, 15:31:48: 谢谢使用!
May 12 2015, 15:31:48: 成功打开日志文件，开始营业
型号		名称		品牌		单价		数量
May 12 2015, 15:31:48: 显示产品列表
May 12 2015, 15:31:48: 显示完成
May 12 2015, 15:31:48: 修改
May 12 2015, 15:31:48: 修改完成
May 12 2015, 15:31:48: 显示产品列表
May 12 2015, 15:31:48: 显示完成
May 12 2015, 15:31:48: 谢谢使用!
May 12 2015, 15:31:48: 成功打开日志文件，开始营业
型号		名称		品牌		单价		数量
May 12 2015, 15:31:48: 显示产品列表
May 12 2015, 15:31:48: 显示完成
May 12 2015, 15:31:48: 修改
May 12 2015, 15:31:48: 修改完成
May 12 2015, 15:31:48: 显示产品列表
May 12 2015, 15:31:48: 显示完成
May 12 2015, 15:31:48: 谢谢使用!
May 12 2015, 15:31:48: 成功打开日志文件，开始营业
型号		名称		品牌		单价		数量
May 12 2015, 15:31:48: 显示产品列表
May 12 2015, 15:31:48: 显示完成
May 12 2015, 15:31:48: 修改
May 12 2015, 15:31:48: 修改完成
May 12 2015, 15:31:48: 显示产品列表
May 12 2015, 15:31:48: 显示完成
May 12 2015, 15:31:48: 谢谢使用!
May 12 2015, 15:31:48: 成功打开日志文件，开始营业
型号		名称		品牌		单价		数量
May 12 2015, 15:31:48: 显示产品列表
May 12 2015, 15:31:48: 显示完成
May 12 2015, 15:31:48: 修改
May 12 2015, 15:31:48: 成功打开日志文件，开始营业
型号		名称		品牌		单价		数量
May 12 2015, 15:31:48: 显示产品列表
May 12 2015, 15:31:48: 显示完成
May 12 2015, 15:31:48: 修改
May 12 2015, 15:31:48: 成功打开日志文件，开始营业
型号		名称		品牌		单价		数量
May 12 2015, 15:31:48: 显示产品列表
May 12 2015, 15:31:48: 显示完成
May 12 2015, 15:31:48: 修改
May 12 2015, 15:31:48: 修改完成
May 12 2015, 15:31:48: 显示产品列表
May 12 2015, 15:31:48: 显示完成
May 12 2015, 15:31:48: 谢谢使用!
May 12 2015, 15:31:48: 成功打开日志文件，开始营业
型号		名称		品牌		单价		数量
May 12 2015, 15:31:48: 显示产品列表
May 12 2015, 15:31:48: 显示完成
May 12 2015, 15:31:48: 修改
May 12 2015, 15:31:48: 修改完成
May 12 2015, 15:31:48: 显示产品列表
May 12 2015, 15:31:48: 显示完成
May 12 2015, 15:31:48: 谢谢使用!
May 12 2015, 15:31:48: 成功打开日志文件，开始营业
型号		名称		品牌		单价		数量
May 12 2015, 15:31:48: 显示产品列表
May 12 2015, 15:31:48: 显示完成
May 12 2015, 15:31:48: 成功打开日志文件，开始营业
型号		名称		品牌		单价		数量
May 12 2015, 15:31:48: 显示产品列表
May 12 2015, 15:31:48: 显示完成
May 12 2015, 15:31:48: 修改
May 12 2015, 15:31:48: 修改完成
May 12 2015, 15:31:48: 显示产品列表
May 12 2015, 15:31:48: 显示完成
May 12 2015, 15:31:48: 谢谢使用!
May 12 2015, 15:31:48: 成功打开日志文件，开始营业
型号		名称		品牌		单价		数量
May 12 2015, 15:31:48: 显示产品列表
May 12 2015, 15:31:48: 显示完成
May 12 2015, 15:31:48: 修改
May 13 2015, 11:56:57: 成功打开日志文件，开始营业
型号		名称		品牌		单价		数量
May 13 2015, 11:56:57: 显示产品列表
May 13 2015, 11:56:57: 显示完成
May 13 2015, 11:56:57: 修改
May 13 2015, 11:56:57: 修改完成
May 13 2015, 11:56:57: 显示产品列表
May 13 2015, 11:56:57: 显示完成
May 13 2015, 11:56:57: 谢谢使用!
May 13 2015, 11:56:57: 成功打开日志文件，开始营业
型号		名称		品牌		单价		数量
May 13 2015, 11:56:57: 显示产品列表
May 13 2015, 11:56:57: 显示完成
May 13 2015, 11:56:57: 修改
May 13 2015, 11:56:57: 修改完成
May 13 2015, 11:56:57: 显示产品列表
May 13 2015, 11:56:57: 显示完成
May 13 2015, 11:56:57: 成功打开日志文件，开始营业
型号		名称		品牌		单价		数量
May 13 2015, 11:56:57: 谢谢使用!
May 13 2015, 11:56:57: 成功打开日志文件，开始营业
型号		名称		品牌		单价		数量
May 13 2015, 11:56:57: 显示产品列表
May 13 2015, 11:56:57: 显示完成
May 13 2015, 11:56:57: 进货
May 13 2015, 11:56:57: 进货完成
May 13 2015, 11:56:57: 显示产品列表
May 13 2015, 11:56:57: 显示完成
May 13 2015, 11:56:57: 成功打开日志文件，开始营业
型号		名称		品牌		单价		数量
May 13 2015, 11:56:57: 按条件查询
May 13 2015, 11:56:57: 查询完成
May 13 2015, 11:56:57: 成功打开日志文件，开始营业
型号		名称		品牌		单价		数量
May 13 2015, 11:56:57: 显示产品列表
May 13 2015, 11:56:57: 显示完成
May 13 2015, 11:56:57: 修改
May 13 2015, 11:56:57: 修改完成
May 13 2015, 11:56:57: 显示产品列表
May 13 2015, 11:56:57: 显示完成
May 13 2015, 11:56:57: 成功打开日志文件，开始营业
型号		名称		品牌		单价		数量
May 13 2015, 11:56:57: 显示产品列表
May 13 2015, 11:56:57: 显示完成
May 13 2015, 11:56:57: 进货
May 13 2015, 11:56:57: 进货完成
May 13 2015, 11:56:57: 显示产品列表
May 13 2015, 11:56:57: 显示完成
May 13 2015, 11:56:57: 进货
May 13 2015, 11:56:57: 进货完成
May 13 2015, 11:56:57: 成功打开日志文件，开始营业
型号		名称		品牌		单价		数量
May 13 2015, 11:56:57: 显示产品列表
May 13 2015, 11:56:57: 显示完成
May 13 2015, 11:56:57: 进货
May 13 2015, 11:56:57: 进货完成
May 13 2015, 11:56:57: 显示产品列表
May 13 2015, 11:56:57: 显示完成
May 13 2015, 11:56:57: 按条件插入
May 13 2015, 11:56:57: 插入完成
May 13 2015, 11:56:57: 显示产品列表
May 13 2015, 11:56:57: 显示完成
May 13 2015, 11:56:57: 谢谢使用!
May 13 2015, 11:56:57: 成功打开日志文件，开始营业
型号		名称		品牌		单价		数量
May 13 2015, 11:56:57: 成功打开日志文件，开始营业
型号		名称		品牌		单价		数量
May 13 2015, 11:56:57: 显示产品列表
May 13 2015, 11:56:57: 显示完成
May 13 2015, 11:56:57: 进货
May 13 2015, 11:56:57: 进货完成
May 13 2015, 11:56:57: 显示产品列表
May 13 2015, 11:56:57: 显示完成
May 13 2015, 11:56:57: 按条件出货
May 13 2015, 11:56:57: 出货完成
May 13 2015, 11:56:57: 显示产品列表
May 13 2015, 11:56:57: 显示完成
May 14 2015, 09:30:28: 成功打开日志文件，开始营业
型号		名称		品牌		单价		数量
May 14 2015, 09:30:28: 谢谢使用!
May 14 2015, 09:30:28: 成功打开日志文件，开始营业
型号		名称		品牌		单价		数量
May 14 2015, 09:30:28: 显示产品列表
May 14 2015, 09:30:28: 显示完成
May 14 2015, 09:30:28: 谢谢使用!
May 14 2015, 09:32:46: 成功打开日志文件，开始营业
型号		名称		品牌		单价		数量
May 14 2015, 09:32:46: 显示产品列表
May 14 2015, 09:32:46: 显示完成
May 14 2015, 09:32:46: 谢谢使用!
May 14 2015, 09:34:00: 成功打开日志文件，开始营业
型号		名称		品牌		单价		数量
May 14 2015, 09:34:00: 显示产品列表
May 14 2015, 09:34:00: 显示完成
May 14 2015, 09:34:00: 谢谢使用!
May 14 2015, 09:34:00: 谢谢使用!
May 14 2015, 09:34:00: 成功打开日志文件，开始营业
型号		名称		品牌		单价		数量
May 14 2015, 09:34:00: 显示产品列表
May 14 2015, 09:34:00: 显示完成
May 14 2015, 09:34:00: 谢谢使用!
May 14 2015, 09:34:00: 成功打开日志文件，开始营业
型号		名称		品牌		单价		数量
May 14 2015, 09:34:00: 显示产品列表
May 14 2015, 09:34:00: 显示完成
May 14 2015, 09:34:00: 谢谢使用!
May 14 2015, 09:34:00: 成功打开日志文件，开始营业
型号		名称		品牌		单价		数量
May 14 2015, 09:34:00: 显示产品列表
May 14 2015, 09:34:00: 显示完成
May 14 2015, 09:34:00: 按条件查询
May 14 2015, 09:34:00: 成功打开日志文件，开始营业
型号		名称		品牌		单价		数量
May 14 2015, 09:34:00: 显示产品列表
May 14 2015, 09:34:00: 显示完成
May 14 2015, 09:34:00: 按条件查询
May 14 2015, 09:34:00: 显示产品列表
May 14 2015, 09:34:00: 显示完成
May 14 2015, 09:34:00: 按条件查询
May 14 2015, 09:34:00: 显示产品列表
May 14 2015, 09:34:00: 显示完成
May 14 2015, 09:34:00: 按条件查询
May 14 2015, 09:34:00: 查询完成
May 14 2015, 09:34:00: 谢谢使用!
May 14 2015, 09:34:00: 成功打开日志文件，开始营业
型号		名称		品牌		单价		数量
May 14 2015, 09:34:00: 显示产品列表
May 14 2015, 09:34:00: 显示完成
May 14 2015, 09:34:00: 按条件查询
May 14 2015, 09:34:00: 谢谢使用!
May 14 2015, 09:34:00: 成功打开日志文件，开始营业
型号		名称		品牌		单价		数量
May 14 2015, 09:34:00: 显示产品列表
May 14 2015, 09:34:00: 显示完成
May 14 2015, 09:34:00: 按条件查询
May 14 2015, 09:34:00: 查询完成
May 14 2015, 09:34:00: 按条件查询
May 14 2015, 09:34:00: 按条件查询
May 14 2015, 09:34:00: 查询完成
May 14 2015, 09:34:00: 谢谢使用!
May 14 2015, 09:34:00: 成功打开日志文件，开始营业
型号		名称		品牌		单价		数量
May 14 2015, 09:34:00: 显示产品列表
May 14 2015, 09:34:00: 显示完成
May 14 2015, 09:34:00: 按条件排序
May 14 2015, 09:34:00: 排序完成
May 14 2015, 09:34:00: 进货
May 14 2015, 09:34:00: 进货完成
May 14 2015, 09:34:00: 成功打开日志文件，开始营业
型号		名称		品牌		单价		数量
May 14 2015, 09:34:00: 显示产品列表
May 14 2015, 09:34:00: 显示完成
May 14 2015, 09:34:00: 修改
May 14 2015, 09:34:00: 修改完成
May 14 2015, 09:34:00: 显示产品列表
May 14 2015, 09:34:00: 显示完成
May 14 2015, 09:34:00: 谢谢使用!
May 14 2015, 09:34:00: 成功打开日志文件，开始营业
型号		名称		品牌		单价		数量
May 14 2015, 09:34:00: 显示产品列表
May 14 2015, 09:34:00: 显示完成
May 14 2015, 09:34:00: 成功打开日志文件，开始营业
型号		名称		品牌		单价		数量
May 14 2015, 09:34:00: 显示产品列表
May 14 2015, 09:34:00: 显示完成
May 14 2015, 09:34:00: 显示产品列表
May 14 2015, 09:34:00: 显示完成
May 14 2015, 09:34:00: 成功打开日志文件，开始营业
型号		名称		品牌		单价		数量
May 14 2015, 09:34:00: 显示产品列表
May 14 2015, 09:34:00: 显示完成
May 14 2015, 09:34:00: 成功打开日志文件，开始营业
型号		名称		品牌		单价		数量
May 14 2015, 09:34:00: 显示产品列表
May 14 2015, 09:34:00: 显示完成
May 14 2015, 09:34:00: 成功打开日志文件，开始营业
型号		名称		品牌		单价		数量
May 14 2015, 09:34:00: 显示产品列表
May 14 2015, 09:34:00: 显示完成
May 14 2015, 09:34:00: 谢谢使用!
May 14 2015, 09:34:00: 成功打开日志文件，开始营业
型号		名称		品牌		单价		数量
May 14 2015, 09:34:00: 显示产品列表
May 14 2015, 09:34:00: 显示完成
May 14 2015, 09:34:00: 谢谢使用!
May 14 2015, 11:20:55: 成功打开日志文件，开始营业
型号		名称		品牌		单价		数量
May 14 2015, 11:20:55: 显示产品列表
May 14 2015, 11:20:55: 显示完成
May 14 2015, 11:21:27: 成功打开日志文件，开始营业
型号		名称		品牌		单价		数量
May 14 2015, 11:21:27: 显示产品列表
May 14 2015, 11:21:27: 显示完成
May 14 2015, 11:21:27: 成功打开日志文件，开始营业
型号		名称		品牌		单价		数量
May 14 2015, 11:21:27: 按条件查询
May 14 2015, 11:21:27: 查询完成
May 14 2015, 11:21:27: 成功打开日志文件，开始营业
型号		名称		品牌		单价		数量
May 14 2015, 11:21:27: 显示产品列表
May 14 2015, 11:21:27: 显示完成
May 14 2015, 11:21:27: 按条件查询
May 14 2015, 11:21:27: 查询完成
May 14 2015, 11:21:27: 成功打开日志文件，开始营业
型号		名称		品牌		单价		数量
May 14 2015, 11:21:27: 显示产品列表
May 14 2015, 11:21:27: 显示完成
May 14 2015, 11:21:27: 按条件查询
May 14 2015, 11:21:27: 查询完成
May 14 2015, 11:21:27: 谢谢使用!
May 14 2015, 11:21:27: 成功打开日志文件，开始营业
型号		名称		品牌		单价		数量
May 14 2015, 11:21:27: 显示产品列表
May 14 2015, 11:21:27: 显示完成
May 14 2015, 11:21:27: 按条件查询
May 14 2015, 11:21:27: 查询完成
May 14 2015, 11:21:27: 显示产品列表
May 14 2015, 11:21:27: 显示完成
May 14 2015, 11:21:27: 按条件查询
May 14 2015, 11:21:27: 查询完成
May 14 2015, 11:21:27: 谢谢使用!
May 14 2015, 11:21:27: 成功打开日志文件，开始营业
型号		名称		品牌		单价		数量
May 14 2015, 11:21:27: 显示产品列表
May 14 2015, 11:21:27: 显示完成
May 14 2015, 11:21:27: 按条件查询
May 14 2015, 11:21:27: 查询完成
May 14 2015, 11:21:27: 按条件查询
May 14 2015, 11:21:27: 查询完成
May 14 2015, 11:21:27: 按条件排序
May 14 2015, 11:21:27: 排序完成
May 14 2015, 11:21:27: 进货
May 14 2015, 11:21:27: 成功打开日志文件，开始营业
型号		名称		品牌		单价		数量
May 14 2015, 11:21:27: 谢谢使用!
May 14 2015, 11:21:27: 成功打开日志文件，开始营业
型号		名称		品牌		单价		数量
May 14 2015, 11:21:27: 显示产品列表
May 14 2015, 11:21:27: 显示完成
May 14 2015, 11:21:27: 进货
May 14 2015, 11:57:27: 成功打开日志文件，开始营业
型号		名称		品牌		单价		数量
____________________________________________________________________
May 14 2015, 11:57:27: 显示产品列表
May 14 2015, 11:57:27: 显示完成
May 14 2015, 11:57:27: 谢谢使用!
May 14 2015, 11:58:24: 成功打开日志文件，开始营业
型号		名称		品牌		单价		数量
--------------------------------------------------------------------
May 14 2015, 11:58:24: 显示产品列表
May 14 2015, 11:58:24: 显示完成
May 14 2015, 11:58:24: 按条件查询
May 14 2015, 11:58:24: 查询完成
May 14 2015, 11:58:24: 进货
May 14 2015, 11:58:24: 成功打开日志文件，开始营业
型号		名称		品牌		单价		数量
--------------------------------------------------------------------
May 14 2015, 11:58:24: 显示产品列表
May 14 2015, 11:58:24: 显示完成
May 14 2015, 11:58:24: 进货
May 14 2015, 11:58:24: 成功打开日志文件，开始营业
型号		名称		品牌		单价		数量
--------------------------------------------------------------------
May 14 2015, 11:58:24: 显示产品列表
May 14 2015, 11:58:24: 显示完成
May 14 2015, 11:58:24: 进货
May 14 2015, 11:58:24: 进货完成
May 14 2015, 11:58:24: 成功打开日志文件，开始营业
型号		名称		品牌		单价		数量
--------------------------------------------------------------------
May 14 2015, 11:58:24: 显示产品列表
May 14 2015, 11:58:24: 显示完成
May 14 2015, 11:58:24: 成功打开日志文件，开始营业
型号		名称		品牌		单价		数量
--------------------------------------------------------------------
May 14 2015, 11:58:24: 显示产品列表
May 14 2015, 11:58:24: 显示完成
May 14 2015, 11:58:24: 进货
May 14 2015, 11:58:24: 进货完成
May 14 2015, 11:58:24: 显示产品列表
May 14 2015, 11:58:24: 显示完成
May 14 2015, 11:58:24: 按条件出货
May 14 2015, 11:58:24: 出货完成
May 14 2015, 11:58:24: 显示产品列表
May 14 2015, 11:58:24: 显示完成
May 14 2015, 11:58:24: 成功打开日志文件，开始营业
型号		名称		品牌		单价		数量
--------------------------------------------------------------------
May 14 2015, 11:58:24: 显示产品列表
May 14 2015, 11:58:24: 显示完成
May 14 2015, 11:58:24: 进货
May 14 2015, 11:58:24: 进货完成
May 14 2015, 11:58:24: 按条件出货
May 14 2015, 11:58:24: 出货完成
May 14 2015, 11:58:24: 谢谢使用!
May 14 2015, 11:58:24: 成功打开日志文件，开始营业
型号		名称		品牌		单价		数量
--------------------------------------------------------------------
May 14 2015, 11:58:24: 显示产品列表
May 14 2015, 11:58:24: 显示完成
May 14 2015, 11:58:24: 按条件出货
May 14 2015, 11:58:24: 出货完成
May 14 2015, 11:58:24: 显示产品列表
May 14 2015, 11:58:24: 显示完成
May 14 2015, 11:58:24: 修改
May 14 2015, 11:58:24: 成功打开日志文件，开始营业
型号		名称		品牌		单价		数量
--------------------------------------------------------------------
May 14 2015, 11:58:24: 显示产品列表
May 14 2015, 11:58:24: 显示完成
May 14 2015, 11:58:24: 修改
May 14 2015, 11:58:24: 成功打开日志文件，开始营业
型号		名称		品牌		单价		数量
--------------------------------------------------------------------
May 14 2015, 11:58:24: 显示产品列表
May 14 2015, 11:58:24: 显示完成
May 14 2015, 11:58:24: 按条件插入
May 14 2015, 11:58:24: 插入完成
May 14 2015, 11:58:24: 显示产品列表
May 14 2015, 11:58:24: 显示完成
May 14 2015, 11:58:24: 按条件插入
May 14 2015, 11:58:24: 插入完成
May 14 2015, 11:58:24: 显示产品列表
May 14 2015, 11:58:24: 显示完成
May 14 2015, 11:58:24: 按条件插入
May 14 2015, 11:58:24: 插入完成
May 14 2015, 11:58:24: 显示产品列表
May 14 2015, 11:58:24: 显示完成
May 14 2015, 11:58:24: 谢谢使用!
May 14 2015, 11:58:24: 成功打开日志文件，开始营业
型号		名称		品牌		单价		数量
--------------------------------------------------------------------
May 14 2015, 11:58:24: 显示产品列表
May 14 2015, 11:58:24: 显示完成
May 14 2015, 11:58:24: 按条件插入
May 14 2015, 13:36:40: 成功打开日志文件，开始营业
型号		名称		品牌		单价		数量
--------------------------------------------------------------------
May 14 2015, 13:36:40: 按条件插入
May 14 2015, 13:36:40: 插入完成
May 14 2015, 13:36:40: 显示产品列表
May 14 2015, 13:36:40: 显示完成
May 14 2015, 13:36:40: 存盘
May 14 2015, 13:36:40: 正在创建副本
May 14 2015, 13:36:40: 副本创建成功
May 14 2015, 13:36:40: 存盘完成
May 14 2015, 13:36:40: 谢谢使用!
May 14 2015, 13:49:05: 成功打开日志文件，开始营业
型号		名称		品牌		单价		数量
--------------------------------------------------------------------
May 14 2015, 13:49:05: 显示产品列表
May 14 2015, 13:49:05: 显示完成
May 14 2015, 13:49:05: 按条件插入
May 14 2015, 13:49:05: 插入完成
May 14 2015, 13:49:05: 显示产品列表
May 14 2015, 13:49:05: 显示完成
May 14 2015, 13:49:05: 按条件插入
May 14 2015, 13:49:05: 插入完成
May 14 2015, 13:49:05: 显示产品列表
May 14 2015, 13:49:05: 显示完成
May 14 2015, 13:49:05: 谢谢使用!
May 14 2015, 13:49:05: 成功打开日志文件，开始营业
型号		名称		品牌		单价		数量
--------------------------------------------------------------------
May 14 2015, 13:49:05: 显示产品列表
May 14 2015, 13:49:05: 显示完成
May 14 2015, 13:49:05: 成功打开日志文件，开始营业
型号		名称		品牌		单价		数量
--------------------------------------------------------------------
May 14 2015, 13:49:05: 显示产品列表
May 14 2015, 13:49:05: 显示完成
May 14 2015, 13:49:05: 成功打开日志文件，开始营业
型号		名称		品牌		单价		数量
--------------------------------------------------------------------
May 14 2015, 13:49:05: 显示产品列表
May 14 2015, 13:49:05: 显示完成
May 14 2015, 13:49:05: 谢谢使用!
May 14 2015, 13:49:05: 成功打开日志文件，开始营业
型号		名称		品牌		单价		数量
--------------------------------------------------------------------
May 14 2015, 13:49:05: 显示产品列表
May 14 2015, 13:49:05: 显示完成
May 14 2015, 13:49:05: 按条件出货
May 14 2015, 13:49:05: 出货完成
May 14 2015, 13:49:05: 谢谢使用!
May 14 2015, 13:49:05: 成功打开日志文件，开始营业
型号		名称		品牌		单价		数量
--------------------------------------------------------------------
May 14 2015, 13:49:05: 显示产品列表
May 14 2015, 13:49:05: 显示完成
May 14 2015, 13:49:05: 按条件出货
May 14 2015, 13:49:05: 出货完成
May 14 2015, 13:49:05: 谢谢使用!
May 14 2015, 13:49:05: 成功打开日志文件，开始营业
型号		名称		品牌		单价		数量
--------------------------------------------------------------------
May 14 2015, 13:49:05: 显示产品列表
May 14 2015, 13:49:05: 显示完成
May 14 2015, 13:49:05: 按条件查询
May 14 2015, 13:49:05: 查询完成
May 14 2015, 13:49:05: 按条件排序
May 14 2015, 13:49:05: 排序完成
May 14 2015, 13:49:05: 按条件排序
May 14 2015, 13:49:05: 排序完成
May 14 2015, 13:49:05: 进货
May 14 2015, 13:49:05: 进货完成
May 14 2015, 13:49:05: 按条件出货
May 14 2015, 13:49:05: 按条件出货
May 14 2015, 13:49:05: 出货完成
May 22 2015, 09:26:35: 成功打开日志文件，开始营业
型号		名称		品牌		单价		数量
--------------------------------------------------------------------
May 22 2015, 09:26:35: 显示产品列表
May 22 2015, 09:26:35: 显示完成
May 22 2015, 09:26:35: 按条件出货
May 22 2015, 09:26:35: 出货完成
May 22 2015, 09:26:35: 显示产品列表
May 22 2015, 09:26:35: 显示完成
May 22 2015, 09:26:35: 谢谢使用!
May 22 2015, 09:26:35: 成功打开日志文件，开始营业
型号		名称		品牌		单价		数量
--------------------------------------------------------------------
May 22 2015, 09:26:35: 显示产品列表
May 22 2015, 09:26:35: 显示完成
May 22 2015, 09:26:35: 按条件出货
May 22 2015, 09:26:35: 成功打开日志文件，开始营业
型号		名称		品牌		单价		数量
--------------------------------------------------------------------
May 22 2015, 09:26:35: 显示产品列表
May 22 2015, 09:26:35: 显示完成
May 22 2015, 09:26:35: 显示产品列表
May 22 2015, 09:26:35: 显示完成
May 22 2015, 09:26:35: 按条件出货
May 22 2015, 09:26:35: 出货完成
May 22 2015, 09:26:35: 显示产品列表
May 22 2015, 09:26:35: 显示完成
May 22 2015, 09:26:35: 谢谢使用!
May 22 2015, 09:26:35: 成功打开日志文件，开始营业
型号		名称		品牌		单价		数量
--------------------------------------------------------------------
May 22 2015, 09:26:35: 显示产品列表
May 22 2015, 09:26:35: 显示完成
May 22 2015, 09:26:35: 按条件出货
May 22 2015, 09:26:35: 显示产品列表
May 22 2015, 09:26:35: 显示完成
May 22 2015, 09:26:35: 按条件出货
May 22 2015, 09:26:35: 显示产品列表
May 22 2015, 09:26:35: 显示完成
May 22 2015, 09:26:35: 按条件出货
May 22 2015, 09:26:35: 出货完成
May 22 2015, 09:26:35: 显示产品列表
May 22 2015, 09:26:35: 显示完成
May 22 2015, 09:26:35: 谢谢使用!
May 22 2015, 09:26:35: 成功打开日志文件，开始营业
型号		名称		品牌		单价		数量
--------------------------------------------------------------------
May 22 2015, 09:26:35: 显示产品列表
May 22 2015, 09:26:35: 显示完成
May 22 2015, 09:26:35: 按条件出货
May 22 2015, 09:26:35: 出货完成
May 22 2015, 09:26:35: 谢谢使用!
May 22 2015, 09:26:35: 成功打开日志文件，开始营业
型号		名称		品牌		单价		数量
--------------------------------------------------------------------
May 22 2015, 09:26:35: 谢谢使用!
May 22 2015, 09:26:35: 成功打开日志文件，开始营业
型号		名称		品牌		单价		数量
--------------------------------------------------------------------
May 22 2015, 09:26:35: 显示产品列表
May 22 2015, 09:26:35: 显示完成
May 22 2015, 09:26:35: 按条件查询
May 22 2015, 09:26:35: 查询完成
May 22 2015, 09:26:35: 按条件查询
May 22 2015, 09:26:35: 谢谢使用!
May 22 2015, 09:26:35: 成功打开日志文件，开始营业
型号		名称		品牌		单价		数量
--------------------------------------------------------------------
May 22 2015, 09:26:35: 按条件查询
May 22 2015, 09:26:35: 谢谢使用!
May 22 2015, 09:26:35: 成功打开日志文件，开始营业
型号		名称		品牌		单价		数量
--------------------------------------------------------------------
May 22 2015, 09:26:35: 按条件查询
May 22 2015, 09:26:35: 查询完成
May 22 2015, 09:26:35: 谢谢使用!
May 22 2015, 14:03:59: 成功打开日志文件，开始营业
型号		名称		品牌		单价		数量
--------------------------------------------------------------------
May 22 2015, 14:03:59: 显示产品列表
May 22 2015, 14:03:59: 显示完成
May 22 2015, 14:03:59: 成功打开日志文件，开始营业
型号		名称		品牌		单价		数量
--------------------------------------------------------------------
May 22 2015, 14:03:59: 显示产品列表
May 22 2015, 14:03:59: 显示完成
May 22 2015, 14:03:59: 按条件出货
May 22 2015, 14:03:59: 出货完成
May 22 2015, 14:03:59: 显示产品列表
May 22 2015, 14:03:59: 显示完成
May 22 2015, 14:03:59: 谢谢使用!
May 22 2015, 14:06:44: 成功打开日志文件，开始营业
型号		名称		品牌		单价		数量
--------------------------------------------------------------------
May 22 2015, 14:06:44: 显示产品列表
May 22 2015, 14:06:44: 显示完成
May 22 2015, 14:06:44: 按条件出货
May 22 2015, 14:09:15: 成功打开日志文件，开始营业
型号		名称		品牌		单价		数量
--------------------------------------------------------------------
May 22 2015, 14:09:15: 显示产品列表
May 22 2015, 14:09:15: 显示完成
May 22 2015, 14:09:15: 按条件出货
May 22 2015, 14:09:15: 出货完成
May 22 2015, 14:09:15: 显示产品列表
May 22 2015, 14:09:15: 显示完成
May 22 2015, 14:09:15: 谢谢使用!
May 22 2015, 14:09:15: 成功打开日志文件，开始营业
型号		名称		品牌		单价		数量
--------------------------------------------------------------------
May 22 2015, 14:09:15: 显示产品列表
May 22 2015, 14:09:15: 显示完成
May 22 2015, 14:09:15: 按条件查询
May 22 2015, 14:09:15: 查询完成
May 22 2015, 14:09:15: 谢谢使用!
May 22 2015, 14:09:15: 成功打开日志文件，开始营业
型号		名称		品牌		单价		数量
--------------------------------------------------------------------
May 22 2015, 14:09:15: 显示产品列表
May 22 2015, 14:09:15: 显示完成
May 22 2015, 14:09:15: 按条件查询
May 22 2015, 14:09:15: 查询完成
May 22 2015, 14:09:15: 谢谢使用!
May 22 2015, 14:09:15: 成功打开日志文件，开始营业
型号		名称		品牌		单价		数量
--------------------------------------------------------------------
May 22 2015, 14:09:15: 显示产品列表
May 22 2015, 14:09:15: 显示完成
May 22 2015, 14:09:15: 谢谢使用!
May 22 2015, 14:09:15: 成功打开日志文件，开始营业
型号		名称		品牌		单价		数量
--------------------------------------------------------------------
May 22 2015, 14:09:15: 显示产品列表
May 22 2015, 14:09:15: 显示完成
May 22 2015, 14:09:15: 按条件查询
May 22 2015, 14:09:15: 查询完成
May 22 2015, 14:09:15: 谢谢使用!
May 22 2015, 15:39:11: 成功打开日志文件，开始营业
型号		名称		品牌		单价		数量
--------------------------------------------------------------------
May 22 2015, 15:39:11: 显示产品列表
May 22 2015, 15:39:11: 显示完成
May 22 2015, 15:39:11: 谢谢使用!
May 22 2015, 15:39:11: 成功打开日志文件，开始营业
型号		名称		品牌		单价		数量
--------------------------------------------------------------------
May 22 2015, 15:39:11: 显示产品列表
May 22 2015, 15:39:11: 显示完成
May 22 2015, 15:39:11: 按条件查询
May 22 2015, 15:39:11: 查询完成
May 22 2015, 15:39:11: 谢谢使用!
May 22 2015, 15:39:11: 成功打开日志文件，开始营业
型号		名称		品牌		单价		数量
--------------------------------------------------------------------
May 22 2015, 15:39:11: 显示产品列表
May 22 2015, 15:39:11: 显示完成
May 22 2015, 15:39:11: 显示产品列表
May 22 2015, 15:39:11: 显示完成
May 22 2015, 15:39:11: 按条件查询
May 22 2015, 15:39:11: 查询完成
May 22 2015, 15:39:11: 按条件排序
May 22 2015, 15:39:11: 排序完成
May 22 2015, 15:39:11: 进货
May 22 2015, 15:39:11: 进货完成
May 22 2015, 15:39:11: 按条件出货
May 22 2015, 15:39:11: 出货完成
May 22 2015, 15:39:11: 成功打开日志文件，开始营业
型号		名称		品牌		单价		数量
--------------------------------------------------------------------
May 22 2015, 15:39:11: 显示产品列表
May 22 2015, 15:39:11: 显示完成
May 22 2015, 15:39:11: 按条件出货
May 22 2015, 15:39:11: 出货完成
May 22 2015, 15:39:11: 按条件查询
May 22 2015, 15:39:11: 按条件查询
May 22 2015, 15:39:11: 查询完成
May 22 2015, 15:39:11: 按条件排序
May 22 2015, 15:39:11: 排序完成
May 22 2015, 15:39:11: 进货
May 22 2015, 15:39:11: 进货完成
May 22 2015, 15:39:11: 按条件出货
May 22 2015, 15:39:11: 出货完成
May 22 2015, 15:39:11: 修改
May 22 2015, 15:39:11: 修改完成
May 22 2015, 15:39:11: 显示产品列表
May 22 2015, 15:39:11: 显示完成
May 22 2015, 15:39:11: 按条件插入
May 22 2015, 15:39:11: 按条件插入
May 22 2015, 15:39:11: 插入完成
May 22 2015, 15:39:11: 显示产品列表
May 22 2015, 15:39:11: 显示完成
May 22 2015, 15:39:11: 谢谢使用!
May 22 2015, 15:39:11: 成功打开日志文件，开始营业
型号		名称		品牌		单价		数量
--------------------------------------------------------------------
May 22 2015, 15:39:11: 显示产品列表
May 22 2015, 15:39:11: 显示完成
May 22 2015, 15:39:11: 按条件出货
May 22 2015, 15:39:11: 出货完成
May 22 2015, 15:39:11: 成功打开日志文件，开始营业
型号		名称		品牌		单价		数量
--------------------------------------------------------------------
May 22 2015, 15:39:11: 显示产品列表
May 22 2015, 15:39:11: 显示完成
May 22 2015, 15:39:11: 按条件出货
May 22 2015, 15:39:11: 出货完成
May 22 2015, 15:39:11: 谢谢使用!
May 22 2015, 15:39:11: 成功打开日志文件，开始营业
型号		名称		品牌		单价		数量
--------------------------------------------------------------------
May 22 2015, 15:39:11: 显示产品列表
May 22 2015, 15:39:11: 显示完成
May 22 2015, 15:39:11: 按条件查询
May 22 2015, 15:39:11: 查询完成
May 22 2015, 15:39:11: 按条件排序
May 22 2015, 15:39:11: 排序完成
May 22 2015, 15:39:11: 进货
May 22 2015, 15:39:11: 进货完成
May 22 2015, 15:39:11: 显示产品列表
May 22 2015, 15:39:11: 显示完成
May 22 2015, 15:39:11: 按条件出货
May 22 2015, 15:39:11: 出货完成
May 22 2015, 15:39:11: 修改
May 22 2015, 15:39:11: 进货
May 22 2015, 15:39:11: 进货完成
May 22 2015, 15:39:11: 修改
May 22 2015, 15:39:11: 修改完成
May 22 2015, 15:39:11: 显示产品列表
May 22 2015, 15:39:11: 显示完成
May 22 2015, 15:39:11: 修改
May 22 2015, 15:39:11: 修改完成
May 22 2015, 15:39:11: 显示产品列表
May 22 2015, 15:39:11: 显示完成
May 22 2015, 15:39:11: 按条件插入
May 22 2015, 15:39:11: 插入完成
May 22 2015, 15:39:11: 显示产品列表
May 22 2015, 15:39:11: 显示完成
May 22 2015, 15:39:11: 存盘
May 22 2015, 15:39:11: 正在创建副本
May 22 2015, 15:39:11: 副本创建成功
May 22 2015, 15:39:11: 存盘完成
May 22 2015, 15:39:11: 谢谢使用!
May 22 2015, 15:39:11: 成功打开日志文件，开始营业
型号		名称		品牌		单价		数量
--------------------------------------------------------------------
May 22 2015, 15:39:11: 显示产品列表
May 22 2015, 15:39:11: 显示完成
May 22 2015, 15:39:11: 按条件查询
May 22 2015, 15:39:11: 查询完成
May 22 2015, 15:39:11: 按条件排序
May 22 2015, 15:39:11: 排序完成
May 22 2015, 15:39:11: 按条件排序
May 22 2015, 15:39:11: 排序完成
May 22 2015, 15:39:11: 进货
May 22 2015, 15:39:11: 进货完成
May 22 2015, 15:39:11: 显示产品列表
May 22 2015, 15:39:11: 显示完成
May 22 2015, 15:39:11: 显示产品列表
May 22 2015, 15:39:11: 显示完成
May 22 2015, 15:39:11: 按条件出货
May 22 2015, 15:39:11: 出货完成
May 22 2015, 15:39:11: 显示产品列表
May 22 2015, 15:39:11: 显示完成
May 22 2015, 15:39:11: 谢谢使用!
May 22 2015, 15:39:11: 成功打开日志文件，开始营业
型号		名称		品牌		单价		数量
--------------------------------------------------------------------
May 22 2015, 15:39:11: 显示产品列表
May 22 2015, 15:39:11: 显示完成
May 22 2015, 15:39:11: 按条件出货
May 22 2015, 15:39:11: 出货完成
May 22 2015, 15:39:11: 显示产品列表
May 22 2015, 15:39:11: 显示完成
May 22 2015, 15:39:11: 按条件出货
May 22 2015, 15:39:11: 出货完成
May 22 2015, 15:39:11: 显示产品列表
May 22 2015, 15:39:11: 显示完成
May 22 2015, 15:39:11: 谢谢使用!
May 22 2015, 15:39:11: 成功打开日志文件，开始营业
型号		名称		品牌		单价		数量
--------------------------------------------------------------------
May 22 2015, 15:39:11: 显示产品列表
May 22 2015, 15:39:11: 显示完成
May 22 2015, 15:39:11: 按条件出货
May 22 2015, 15:39:11: 出货完成
May 22 2015, 15:39:11: 显示产品列表
May 22 2015, 15:39:11: 显示完成
May 22 2015, 15:39:11: 存盘
May 22 2015, 15:39:11: 正在创建副本
May 22 2015, 15:39:11: 副本创建成功
May 22 2015, 15:39:11: 存盘完成
May 22 2015, 15:39:11: 谢谢使用!
May 22 2015, 15:39:11: 成功打开日志文件，开始营业
型号		名称		品牌		单价		数量
--------------------------------------------------------------------
May 22 2015, 15:39:11: 按条件排序
May 22 2015, 15:39:11: 排序完成
May 22 2015, 15:39:11: 谢谢使用!
May 22 2015, 15:39:11: 成功打开日志文件，开始营业
May 22 2015, 15:39:11: 成功打开日志文件，开始营业
型号		名称		品牌		单价		数量
--------------------------------------------------------------------
May 22 2015, 15:39:11: 按条件排序
May 22 2015, 15:39:11: 排序完成
May 26 2015, 14:27:44: 成功打开日志文件，开始营业
May 26 2015, 14:28:01: 成功打开日志文件，开始营业
May 26 2015, 14:30:08: 成功打开日志文件，开始营业
型号		名称		品牌		单价		数量
--------------------------------------------------------------------
May 26 2015, 14:30:08: 显示产品列表
May 26 2015, 14:30:08: 显示完成
May 26 2015, 14:30:08: 按条件排序
May 26 2015, 14:30:08: 排序完成
May 26 2015, 14:30:08: 按条件排序
May 26 2015, 14:30:08: 排序完成
May 26 2015, 14:30:08: 按条件排序
May 26 2015, 14:30:08: 排序完成
May 26 2015, 14:30:08: 按条件排序
May 26 2015, 14:30:08: 排序完成
May 26 2015, 14:30:08: 按条件排序
May 26 2015, 14:30:08: 排序完成
May 26 2015, 14:30:08: 谢谢使用!
May 26 2015, 14:32:53: 成功打开日志文件，开始营业
May 26 2015, 14:33:15: 成功打开日志文件，开始营业
May 26 2015, 14:33:15: 成功打开日志文件，开始营业
May 26 2015, 14:33:15: 成功打开日志文件，开始营业
May 26 2015, 14:33:15: 成功打开日志文件，开始营业
May 26 2015, 14:33:15: 成功打开日志文件，开始营业
型号		名称		品牌		单价		数量
--------------------------------------------------------------------
May 26 2015, 14:33:15: 显示产品列表
May 26 2015, 14:33:15: 显示完成
May 26 2015, 14:33:15: 谢谢使用!
May 26 2015, 14:33:15: 成功打开日志文件，开始营业
型号		名称		品牌		单价		数量
--------------------------------------------------------------------
May 26 2015, 14:33:15: 显示产品列表
May 26 2015, 14:33:15: 显示完成
May 26 2015, 14:33:15: 谢谢使用!
May 26 2015, 14:33:15: 成功打开日志文件，开始营业
型号		名称		品牌		单价		数量
--------------------------------------------------------------------
May 26 2015, 14:33:15: 显示产品列表
May 26 2015, 14:33:15: 显示完成
May 26 2015, 14:33:15: 按条件查询
May 26 2015, 14:33:15: 查询完成
May 26 2015, 14:33:15: 按条件查询
May 26 2015, 14:33:15: 查询完成
May 26 2015, 14:33:15: 按条件查询
May 26 2015, 14:33:15: 查询完成
May 26 2015, 14:33:15: 按条件查询
May 26 2015, 14:33:15: 查询完成
May 26 2015, 14:33:15: 按条件查询
May 26 2015, 14:33:15: 查询完成
May 26 2015, 14:33:15: 谢谢使用!
May 26 2015, 14:33:15: 谢谢使用!
May 26 2015, 14:33:15: 谢谢使用!
May 26 2015, 14:33:15: 成功打开日志文件，开始营业
型号		名称		品牌		单价		数量
--------------------------------------------------------------------
May 26 2015, 14:33:15: 显示产品列表
May 26 2015, 14:33:15: 显示完成
May 26 2015, 14:33:15: 按条件查询
May 26 2015, 14:33:15: 查询完成
May 26 2015, 14:33:15: 谢谢使用!
May 26 2015, 14:33:15: 谢谢使用!
May 26 2015, 14:33:15: 谢谢使用!
May 26 2015, 14:48:14: 成功打开日志文件，开始营业
型号		名称		品牌		单价		数量
--------------------------------------------------------------------
May 26 2015, 14:48:14: 谢谢使用!
May 26 2015, 14:48:14: 成功打开日志文件，开始营业
型号		名称		品牌		单价		数量
--------------------------------------------------------------------
May 26 2015, 14:48:14: 谢谢使用!
May 26 2015, 14:49:54: 成功打开日志文件，开始营业
型号		名称		品牌		单价		数量
--------------------------------------------------------------------
May 26 2015, 14:49:54: 谢谢使用!
May 26 2015, 14:49:54: 成功打开日志文件，开始营业
型号		名称		品牌		单价		数量
--------------------------------------------------------------------
May 26 2015, 14:49:54: 显示产品列表
May 26 2015, 14:49:54: 显示完成
May 26 2015, 14:49:54: 按条件查询
May 26 2015, 14:49:54: 查询完成
May 26 2015, 14:49:54: 按条件查询
May 26 2015, 14:49:54: 查询完成
May 26 2015, 14:49:54: 谢谢使用!
May 26 2015, 14:51:37: 成功打开日志文件，开始营业
型号		名称		品牌		单价		数量
--------------------------------------------------------------------
May 26 2015, 14:51:37: 显示产品列表
May 26 2015, 14:51:37: 显示完成
May 26 2015, 14:51:37: 谢谢使用!
May 26 2015, 14:52:15: 成功打开日志文件，开始营业
型号		名称		品牌		单价		数量
--------------------------------------------------------------------
May 26 2015, 14:52:15: 显示产品列表
May 26 2015, 14:52:15: 显示完成
May 26 2015, 14:52:15: 谢谢使用!
May 26 2015, 14:52:53: 成功打开日志文件，开始营业
型号		名称		品牌		单价		数量
--------------------------------------------------------------------
May 26 2015, 14:52:53: 显示产品列表
May 26 2015, 14:52:53: 显示完成
May 26 2015, 14:52:53: 存盘
May 26 2015, 14:52:53: 正在创建副本
May 26 2015, 14:52:53: 副本创建成功
May 26 2015, 14:52:53: 存盘完成
May 26 2015, 14:52:53: 谢谢使用!
May 26 2015, 14:53:40: 成功打开日志文件，开始营业
型号		名称		品牌		单价		数量
--------------------------------------------------------------------
May 26 2015, 14:53:40: 存盘
May 26 2015, 14:53:40: 正在创建副本
May 26 2015, 14:53:40: 副本创建成功
May 26 2015, 14:53:40: 存盘完成
May 26 2015, 14:53:40: 谢谢使用!
May 26 2015, 14:54:42: 成功打开日志文件，开始营业
型号		名称		品牌		单价		数量
--------------------------------------------------------------------
May 26 2015, 14:54:42: 显示产品列表
May 26 2015, 14:54:42: 显示完成
May 26 2015, 14:54:42: 显示产品列表
May 26 2015, 14:54:42: 显示完成
May 26 2015, 14:54:42: 谢谢使用!
May 26 2015, 14:56:07: 成功打开日志文件，开始营业
型号		名称		品牌		单价		数量
--------------------------------------------------------------------
May 26 2015, 14:56:07: 显示产品列表
May 26 2015, 14:56:07: 显示完成
May 26 2015, 14:59:09: 成功打开日志文件，开始营业
型号		名称		品牌		单价		数量
--------------------------------------------------------------------
May 26 2015, 14:59:09: 存盘
May 26 2015, 14:59:09: 正在创建副本
May 26 2015, 14:59:09: 副本创建成功
May 26 2015, 14:59:09: 存盘完成
May 26 2015, 14:59:09: 显示产品列表
May 26 2015, 14:59:09: 显示完成
May 26 2015, 14:59:09: 谢谢使用!
May 26 2015, 14:59:09: 成功打开日志文件，开始营业
型号		名称		品牌		单价		数量
--------------------------------------------------------------------
May 26 2015, 14:59:09: 显示产品列表
May 26 2015, 14:59:09: 显示完成
May 26 2015, 14:59:09: 存盘
May 26 2015, 14:59:09: 正在创建副本
May 26 2015, 14:59:09: 副本创建成功
May 26 2015, 14:59:09: 存盘完成
May 26 2015, 14:59:09: 显示产品列表
May 26 2015, 14:59:09: 显示完成
May 26 2015, 14:59:09: 谢谢使用!
May 26 2015, 14:59:09: 成功打开日志文件，开始营业
型号		名称		品牌		单价		数量
--------------------------------------------------------------------
May 26 2015, 14:59:09: 显示产品列表
May 26 2015, 14:59:09: 显示完成
May 26 2015, 14:59:09: 谢谢使用!
May 26 2015, 15:01:12: 成功打开日志文件，开始营业
型号		名称		品牌		单价		数量
--------------------------------------------------------------------
May 26 2015, 15:01:12: 显示产品列表
May 26 2015, 15:01:12: 显示完成
May 26 2015, 15:01:12: 按条件查询
May 26 2015, 15:01:12: 查询完成
May 26 2015, 15:01:12: 按条件查询
May 26 2015, 15:01:12: 查询完成
May 26 2015, 15:01:12: 按条件查询
May 26 2015, 15:01:12: 查询完成
May 26 2015, 15:01:12: 按条件查询
May 26 2015, 15:01:12: 查询完成
May 26 2015, 15:01:12: 按条件查询
May 26 2015, 15:01:12: 查询完成
May 26 2015, 15:01:12: 进货
May 26 2015, 15:01:12: 进货完成
May 26 2015, 15:01:12: 显示产品列表
May 26 2015, 15:01:12: 显示完成
May 26 2015, 15:01:12: 按条件查询
May 26 2015, 15:01:12: 查询完成
May 26 2015, 15:01:12: 谢谢使用!
May 26 2015, 15:05:12: 成功打开日志文件，开始营业
型号		名称		品牌		单价		数量
--------------------------------------------------------------------
May 26 2015, 15:05:12: 显示产品列表
May 26 2015, 15:05:12: 显示完成
May 26 2015, 15:05:12: 谢谢使用!
May 26 2015, 15:05:12: 成功打开日志文件，开始营业
型号		名称		品牌		单价		数量
--------------------------------------------------------------------
May 26 2015, 15:05:12: 显示产品列表
May 26 2015, 15:05:12: 显示完成
May 26 2015, 15:05:12: 进货
May 26 2015, 15:05:12: 进货完成
May 26 2015, 15:05:12: 按条件插入
May 26 2015, 15:05:12: 插入完成
May 26 2015, 15:05:12: 显示产品列表
May 26 2015, 15:05:12: 显示完成
May 26 2015, 15:05:12: 谢谢使用!
May 26 2015, 15:05:12: 成功打开日志文件，开始营业
型号		名称		品牌		单价		数量
--------------------------------------------------------------------
May 26 2015, 15:05:12: 显示产品列表
May 26 2015, 15:05:12: 显示完成
May 26 2015, 15:05:12: 按条件查询
May 26 2015, 15:05:12: 查询完成
May 26 2015, 15:05:12: 谢谢使用!
May 26 2015, 15:05:12: 成功打开日志文件，开始营业
型号		名称		品牌		单价		数量
--------------------------------------------------------------------
May 26 2015, 15:05:12: 显示产品列表
May 26 2015, 15:05:12: 显示完成
May 26 2015, 15:05:12: 按条件查询
May 26 2015, 15:05:12: 查询完成
May 26 2015, 15:05:12: 谢谢使用!
May 26 2015, 15:05:12: 成功打开日志文件，开始营业
型号		名称		品牌		单价		数量
--------------------------------------------------------------------
May 26 2015, 15:05:12: 显示产品列表
May 26 2015, 15:05:12: 显示完成
May 26 2015, 15:05:12: 按条件查询
May 26 2015, 15:05:12: 查询完成
May 26 2015, 15:05:12: 谢谢使用!
May 26 2015, 15:05:12: 成功打开日志文件，开始营业
型号		名称		品牌		单价		数量
--------------------------------------------------------------------
May 26 2015, 15:05:12: 显示产品列表
May 26 2015, 15:05:12: 显示完成
May 26 2015, 15:05:12: 按条件查询
May 26 2015, 15:05:12: 查询完成
May 26 2015, 15:05:12: 谢谢使用!
May 26 2015, 15:33:32: 成功打开日志文件，开始营业
型号		名称		品牌		单价		数量
--------------------------------------------------------------------
May 26 2015, 15:33:32: 显示产品列表
May 26 2015, 15:33:32: 显示完成
May 26 2015, 15:33:32: 按条件查询
May 26 2015, 15:33:32: 查询完成
May 26 2015, 15:33:32: 谢谢使用!
May 26 2015, 15:35:24: 成功打开日志文件，开始营业
型号		名称		品牌		单价		数量
--------------------------------------------------------------------
May 26 2015, 15:35:24: 显示产品列表
May 26 2015, 15:35:24: 显示完成
May 26 2015, 15:35:24: 按条件查询
May 26 2015, 15:35:24: 查询完成
May 26 2015, 15:35:24: 按条件查询
May 26 2015, 15:35:24: 查询完成
May 26 2015, 15:35:24: 按条件查询
May 26 2015, 15:35:24: 查询完成
May 26 2015, 15:35:24: 按条件查询
May 26 2015, 15:35:24: 查询完成
May 26 2015, 15:35:24: 按条件查询
May 26 2015, 15:35:24: 显示产品列表
May 26 2015, 15:35:24: 显示完成
May 26 2015, 15:35:24: 按条件查询
May 26 2015, 15:35:24: 查询完成
May 26 2015, 15:35:24: 按条件排序
May 26 2015, 15:35:24: 排序完成
May 26 2015, 15:35:24: 按条件排序
May 26 2015, 15:35:24: 排序完成
May 26 2015, 15:35:24: 按条件排序
May 26 2015, 15:35:24: 排序完成
May 26 2015, 15:35:24: 按条件排序
May 26 2015, 15:35:24: 排序完成
May 26 2015, 15:35:24: 进货
May 26 2015, 15:35:24: 进货完成
May 26 2015, 15:35:24: 成功打开日志文件，开始营业
型号		名称		品牌		单价		数量
--------------------------------------------------------------------
May 26 2015, 15:35:24: 显示产品列表
May 26 2015, 15:35:24: 显示完成
May 26 2015, 15:35:24: 进货
May 26 2015, 15:35:24: 进货完成
May 26 2015, 15:35:24: 显示产品列表
May 26 2015, 15:35:24: 显示完成
May 26 2015, 15:35:24: 谢谢使用!
May 26 2015, 15:35:24: 成功打开日志文件，开始营业
型号		名称		品牌		单价		数量
--------------------------------------------------------------------
May 26 2015, 15:35:24: 显示产品列表
May 26 2015, 15:35:24: 显示完成
May 26 2015, 15:35:24: 按条件查询
May 26 2015, 15:35:24: 查询完成
May 26 2015, 15:35:24: 谢谢使用!
May 26 2015, 15:35:24: 成功打开日志文件，开始营业
型号		名称		品牌		单价		数量
--------------------------------------------------------------------
May 26 2015, 15:35:24: 显示产品列表
May 26 2015, 15:35:24: 显示完成
May 26 2015, 15:35:24: 按条件排序
May 26 2015, 15:35:24: 排序完成
May 26 2015, 15:35:24: 按条件排序
May 26 2015, 15:35:24: 排序完成
May 26 2015, 15:35:24: 按条件排序
May 26 2015, 15:35:24: 排序完成
May 26 2015, 15:35:24: 按条件排序
May 26 2015, 15:35:24: 排序完成
May 26 2015, 15:35:24: 按条件排序
May 26 2015, 15:35:24: 排序完成
May 26 2015, 15:35:24: 谢谢使用!
May 26 2015, 15:35:24: 成功打开日志文件，开始营业
型号		名称		品牌		单价		数量
--------------------------------------------------------------------
May 26 2015, 15:35:24: 按条件插入
May 26 2015, 15:35:24: 插入完成
May 26 2015, 15:35:24: 显示产品列表
May 26 2015, 15:35:24: 显示完成
May 26 2015, 15:35:24: 谢谢使用!
May 26 2015, 15:35:24: 成功打开日志文件，开始营业
型号		名称		品牌		单价		数量
--------------------------------------------------------------------
May 26 2015, 15:35:24: 按条件插入
May 26 2015, 15:35:24: 插入完成
May 26 2015, 15:35:24: 显示产品列表
May 26 2015, 15:35:24: 显示完成
May 26 2015, 15:35:24: 谢谢使用!
May 26 2015, 15:35:24: 成功打开日志文件，开始营业
型号		名称		品牌		单价		数量
--------------------------------------------------------------------
May 26 2015, 15:35:24: 显示产品列表
May 26 2015, 15:35:24: 显示完成
May 26 2015, 15:35:24: 按条件插入
May 26 2015, 15:35:24: 插入完成
May 26 2015, 15:35:24: 谢谢使用!
May 26 2015, 15:35:24: 成功打开日志文件，开始营业
型号		名称		品牌		单价		数量
--------------------------------------------------------------------
May 26 2015, 15:35:24: 显示产品列表
May 26 2015, 15:35:24: 显示完成
May 26 2015, 15:35:24: 按条件出货
May 26 2015, 15:35:24: 出货完成
May 26 2015, 15:35:24: 显示产品列表
May 26 2015, 15:35:24: 显示完成
May 26 2015, 15:35:24: 谢谢使用!
May 26 2015, 15:35:24: 成功打开日志文件，开始营业
型号		名称		品牌		单价		数量
--------------------------------------------------------------------
May 26 2015, 15:35:24: 显示产品列表
May 26 2015, 15:35:24: 显示完成
May 26 2015, 15:35:24: 按条件出货
May 26 2015, 15:35:24: 出货完成
May 26 2015, 15:35:24: 显示产品列表
May 26 2015, 15:35:24: 显示完成
May 26 2015, 15:35:24: 谢谢使用!
May 26 2015, 15:35:24: 成功打开日志文件，开始营业
型号		名称		品牌		单价		数量
--------------------------------------------------------------------
May 26 2015, 15:35:24: 显示产品列表
May 26 2015, 15:35:24: 显示完成
May 26 2015, 15:35:24: 修改
May 26 2015, 15:35:24: 修改完成
May 26 2015, 15:35:24: 显示产品列表
May 26 2015, 15:35:24: 显示完成
May 26 2015, 15:35:24: 谢谢使用!
May 26 2015, 15:35:24: 成功打开日志文件，开始营业
型号		名称		品牌		单价		数量
--------------------------------------------------------------------
May 26 2015, 15:35:24: 显示产品列表
May 26 2015, 15:35:24: 显示完成
May 26 2015, 15:35:24: 按条件查询
May 26 2015, 15:35:24: 查询完成
May 26 2015, 15:35:24: 谢谢使用!
May 26 2015, 15:52:53: 成功打开日志文件，开始营业
型号		名称		品牌		单价		数量
--------------------------------------------------------------------
May 26 2015, 15:52:53: 显示产品列表
May 26 2015, 15:52:53: 显示完成
May 26 2015, 15:52:53: 按条件查询
May 26 2015, 15:52:53: 查询完成
May 26 2015, 15:52:53: 按条件排序
May 26 2015, 15:52:53: 排序完成
May 26 2015, 15:52:53: 按条件排序
May 26 2015, 15:52:53: 排序完成
May 26 2015, 15:52:53: 进货
May 26 2015, 15:52:53: 进货完成
May 26 2015, 15:52:53: 按条件出货
May 26 2015, 15:52:53: 出货完成
May 26 2015, 15:52:53: 显示产品列表
May 26 2015, 15:52:53: 显示完成
May 26 2015, 15:52:53: 显示产品列表
May 26 2015, 15:52:53: 显示完成
May 26 2015, 15:52:53: 显示产品列表
May 26 2015, 15:52:53: 显示完成
May 26 2015, 15:52:53: 按条件排序
May 26 2015, 15:52:53: 排序完成
May 26 2015, 15:52:53: 显示产品列表
May 26 2015, 15:52:53: 显示完成
May 26 2015, 15:52:53: 修改
May 26 2015, 15:52:53: 修改完成
May 26 2015, 15:52:53: 显示产品列表
May 26 2015, 15:52:53: 显示完成
May 26 2015, 15:52:53: 按条件插入
May 26 2015, 15:52:53: 插入完成
May 26 2015, 15:52:53: 显示产品列表
May 26 2015, 15:52:53: 显示完成
May 26 2015, 15:52:53: 存盘
May 26 2015, 15:52:53: 正在创建副本
May 26 2015, 15:52:53: 副本创建成功
May 26 2015, 15:52:53: 存盘完成
May 26 2015, 15:52:53: 谢谢使用!
May 26 2015, 15:52:53: 成功打开日志文件，开始营业
型号		名称		品牌		单价		数量
--------------------------------------------------------------------
May 26 2015, 15:52:53: 显示产品列表
May 26 2015, 15:52:53: 显示完成
May 26 2015, 15:52:53: 谢谢使用!
May 26 2015, 15:52:53: 成功打开日志文件，开始营业
型号		名称		品牌		单价		数量
--------------------------------------------------------------------
May 26 2015, 15:52:53: 显示产品列表
May 26 2015, 15:52:53: 显示完成
May 26 2015, 15:52:53: 按条件查询
May 26 2015, 15:52:53: 查询完成
May 26 2015, 15:52:53: 按条件查询
May 26 2015, 15:52:53: 查询完成
May 26 2015, 15:52:53: 按条件排序
May 26 2015, 15:52:53: 排序完成
May 26 2015, 15:52:53: 进货
May 26 2015, 15:52:53: 进货完成
May 26 2015, 16:15:18: 成功打开日志文件，开始营业
型号		名称		品牌		单价		数量
--------------------------------------------------------------------
May 26 2015, 16:15:18: 显示产品列表
May 26 2015, 16:15:18: 显示完成
May 26 2015, 16:15:18: 按条件查询
May 26 2015, 16:15:18: 查询完成
May 26 2015, 16:15:18: 按条件排序
May 26 2015, 16:15:18: 排序完成
May 26 2015, 16:15:18: 显示产品列表
May 26 2015, 16:15:18: 显示完成
May 26 2015, 16:15:18: 按条件查询
May 26 2015, 16:15:18: 查询完成
May 26 2015, 16:15:18: 按条件查询
May 26 2015, 16:15:18: 查询完成
May 26 2015, 16:15:18: 按条件排序
May 26 2015, 16:15:18: 排序完成
May 26 2015, 16:15:18: 按条件排序
May 26 2015, 16:15:18: 排序完成
May 26 2015, 16:15:18: 进货
May 26 2015, 16:15:18: 进货完成
May 26 2015, 16:15:18: 按条件出货
May 26 2015, 16:15:18: 出货完成
May 26 2015, 16:15:18: 修改
May 26 2015, 16:15:18: 修改完成
May 26 2015, 16:15:18: 显示产品列表
May 26 2015, 16:15:18: 显示完成
May 26 2015, 16:15:18: 谢谢使用!
May 26 2015, 16:15:18: 成功打开日志文件，开始营业
型号		名称		品牌		单价		数量
--------------------------------------------------------------------
May 26 2015, 16:15:18: 显示产品列表
May 26 2015, 16:15:18: 显示完成
May 26 2015, 16:15:18: 修改
May 26 2015, 16:15:18: 修改完成
May 26 2015, 16:15:18: 按条件插入
May 26 2015, 16:15:18: 插入完成
May 26 2015, 16:15:18: 按条件插入
May 26 2015, 16:15:18: 插入完成
May 26 2015, 16:15:18: 显示产品列表
May 26 2015, 16:15:18: 显示完成
May 26 2015, 16:15:18: 谢谢使用!
May 26 2015, 16:15:18: 成功打开日志文件，开始营业
型号		名称		品牌		单价		数量
--------------------------------------------------------------------
May 26 2015, 16:15:18: 显示产品列表
May 26 2015, 16:15:18: 显示完成
May 26 2015, 16:15:18: 按条件排序
May 26 2015, 16:15:18: 排序完成
May 26 2015, 16:15:18: 谢谢使用!
May 26 2015, 16:15:18: 成功打开日志文件，开始营业
型号		名称		品牌		单价		数量
--------------------------------------------------------------------
May 26 2015, 16:15:18: 显示产品列表
May 26 2015, 16:15:18: 显示完成
May 26 2015, 16:15:18: 按条件查询
May 26 2015, 16:15:18: 查询完成
May 26 2015, 16:15:18: 按条件排序
May 26 2015, 16:15:18: 排序完成
May 26 2015, 16:15:18: 按条件排序
May 26 2015, 16:15:18: 排序完成
May 26 2015, 16:15:18: 显示产品列表
May 26 2015, 16:15:18: 显示完成
May 26 2015, 16:15:18: 按条件排序
May 26 2015, 16:15:18: 排序完成
May 26 2015, 16:15:18: 进货
May 26 2015, 16:15:18: 进货完成
May 26 2015, 16:15:18: 显示产品列表
May 26 2015, 16:15:18: 显示完成
May 26 2015, 16:15:18: 按条件出货
May 26 2015, 16:15:18: 出货完成
May 26 2015, 16:15:18: 显示产品列表
May 26 2015, 16:15:18: 显示完成
May 26 2015, 16:15:18: 修改
May 26 2015, 16:15:18: 修改完成
May 26 2015, 16:15:18: 显示产品列表
May 26 2015, 16:15:18: 显示完成
May 26 2015, 16:15:18: 按条件插入
May 26 2015, 16:15:18: 插入完成
May 26 2015, 16:15:18: 显示产品列表
May 26 2015, 16:15:18: 显示完成
May 26 2015, 16:15:18: 谢谢使用!
Jun  1 2015, 13:18:30: 成功打开日志文件，开始营业
型号		名称		品牌		单价		数量
--------------------------------------------------------------------
Jun  1 2015, 13:18:30: 存盘
Jun  1 2015, 13:18:30: 正在创建副本
Jun  1 2015, 13:18:30: 副本创建成功
Jun  1 2015, 13:18:30: 存盘完成
Jun  1 2015, 13:18:30: 谢谢使用!
Jun  1 2015, 13:18:30: 成功打开日志文件，开始营业
型号		名称		品牌		单价		数量
--------------------------------------------------------------------
Jun  1 2015, 13:18:30: 显示产品列表
Jun  1 2015, 13:18:30: 显示完成
Jun  1 2015, 13:18:30: 谢谢使用!
Jun  1 2015, 13:21:41: 成功打开日志文件，开始营业
型号		名称		品牌		单价		数量
--------------------------------------------------------------------
Jun  1 2015, 13:21:41: 显示产品列表
Jun  1 2015, 13:21:41: 显示完成
Jun  1 2015, 13:21:41: 按条件排序
Jun  1 2015, 13:21:41: 排序完成
Jun  1 2015, 13:21:41: 按条件排序
Jun  1 2015, 13:21:41: 排序完成
Jun  1 2015, 13:21:41: 谢谢使用!
Jun  1 2015, 13:21:41: 成功打开日志文件，开始营业
型号		名称		品牌		单价		数量
--------------------------------------------------------------------
Jun  1 2015, 13:21:41: 显示产品列表
Jun  1 2015, 13:21:41: 显示完成
Jun  1 2015, 13:21:41: 按条件查询
Jun  1 2015, 13:21:41: 查询完成
Jun  1 2015, 13:21:41: 按条件查询
Jun  1 2015, 13:21:41: 查询完成
Jun  1 2015, 13:21:41: 按条件排序
Jun  1 2015, 13:21:41: 排序完成
Jun  1 2015, 13:21:41: 进货
Jun  1 2015, 13:21:41: 进货完成
Jun  1 2015, 13:21:41: 显示产品列表
Jun  1 2015, 13:21:41: 显示完成
Jun  1 2015, 13:21:41: 按条件出货
Jun  1 2015, 13:21:41: 出货完成
Jun  1 2015, 13:21:41: 显示产品列表
Jun  1 2015, 13:21:41: 显示完成
Jun  1 2015, 13:21:41: 修改
Jun  1 2015, 13:21:41: 修改完成
Jun  1 2015, 13:21:41: 显示产品列表
Jun  1 2015, 13:21:41: 显示完成
Jun  1 2015, 13:21:41: 按条件插入
Jun  1 2015, 13:21:41: 插入完成
Jun  1 2015, 13:21:41: 显示产品列表
Jun  1 2015, 13:21:41: 显示完成
Jun  1 2015, 13:21:41: 存盘
Jun  1 2015, 13:21:41: 正在创建副本
Jun  1 2015, 13:21:41: 副本创建成功
Jun  1 2015, 13:21:41: 存盘完成
Jun  1 2015, 13:21:41: 显示产品列表
Jun  1 2015, 13:21:41: 显示完成
Jun  1 2015, 13:21:41: 谢谢使用!
Jun  1 2015, 13:21:41: 成功打开日志文件，开始营业
型号		名称		品牌		单价		数量
--------------------------------------------------------------------
Jun  1 2015, 13:21:41: 显示产品列表
Jun  1 2015, 13:21:41: 显示完成
Jun  1 2015, 13:21:41: 谢谢使用!
